#
# There is insufficient memory for the Java Runtime Environment to continue.
# Native memory allocation (malloc) failed to allocate 1484816 bytes. Error detail: Chunk::new
# Possible reasons:
#   The system is out of physical RAM or swap space
#   This process is running with CompressedOops enabled, and the Java Heap may be blocking the growth of the native heap
# Possible solutions:
#   Reduce memory load on the system
#   Increase physical memory or swap space
#   Check if swap backing store is full
#   Decrease Java heap size (-Xmx/-Xms)
#   Decrease number of Java threads
#   Decrease Java thread stack sizes (-Xss)
#   Set larger code cache with -XX:ReservedCodeCacheSize=
#   JVM is running with Unscaled Compressed Oops mode in which the Java heap is
#     placed in the first 4GB address space. The Java Heap base address is the
#     maximum limit for the native heap growth. Please use -XX:HeapBaseMinAddress
#     to set the Java Heap base and to place the Java Heap above 4GB virtual address.
# This output file may be truncated or incomplete.
#
#  Out of Memory Error (arena.cpp:168), pid=39920, tid=29356
#
# JRE version: OpenJDK Runtime Environment Temurin-21.0.11+10 (21.0.11+10) (build 21.0.11+10-LTS)
# Java VM: OpenJDK 64-Bit Server VM Temurin-21.0.11+10 (21.0.11+10-LTS, mixed mode, sharing, tiered, compressed oops, compressed class ptrs, parallel gc, windows-amd64)
# No core dump will be written. Minidumps are not enabled by default on client versions of Windows
#

---------------  S U M M A R Y ------------

Command Line: --add-modules=ALL-SYSTEM --add-opens=java.base/java.util=ALL-UNNAMED --add-opens=java.base/java.lang=ALL-UNNAMED --add-opens=java.base/sun.nio.fs=ALL-UNNAMED -Declipse.application=org.eclipse.jdt.ls.core.id1 -Dosgi.bundles.defaultStartLevel=4 -Declipse.product=org.eclipse.jdt.ls.core.product -Djava.import.generatesMetadataFilesAtProjectRoot=false -DDetectVMInstallationsJob.disabled=true -Dfile.encoding=utf8 -XX:+UseParallelGC -XX:GCTimeRatio=4 -XX:AdaptiveSizePolicyWeight=90 -Dsun.zip.disableMemoryMapping=true -Xmx2G -Xms100m -Xlog:disable -javaagent:c:\Users\DIANA\.vscode\extensions\redhat.java-1.55.0-win32-x64\lombok\lombok-1.18.39-4050.jar -XX:+HeapDumpOnOutOfMemoryError -XX:HeapDumpPath=c:\Users\DIANA\AppData\Roaming\Code\User\workspaceStorage\b08fb6969b861e2cac226a1d842a8148\redhat.java -Daether.dependencyCollector.impl=bf c:\Users\DIANA\.vscode\extensions\redhat.java-1.55.0-win32-x64\server\plugins\org.eclipse.equinox.launcher_1.7.200.v20260619-2039.jar -configuration c:\Users\DIANA\AppData\Roaming\Code\User\globalStorage\redhat.java\1.55.0\config_win -data c:\Users\DIANA\AppData\Roaming\Code\User\workspaceStorage\b08fb6969b861e2cac226a1d842a8148\redhat.java\jdt_ws --pipe=\\.\pipe\lsp-bac40028d0cb844c3839c2d238ae12c8-sock

Host: Intel(R) Core(TM) i5-10300H CPU @ 2.50GHz, 8 cores, 7G,  Windows 11 , 64 bit Build 26100 (10.0.26100.8521)
Time: Tue Jun 30 23:09:48 2026 Hora est. Pac璗ico, Sudam廨ica elapsed time: 62.331920 seconds (0d 0h 1m 2s)

---------------  T H R E A D  ---------------

Current thread (0x00000165f41497c0):  JavaThread "C2 CompilerThread2" daemon [_thread_in_native, id=29356, stack(0x0000004700c00000,0x0000004700d00000) (1024K)]


Current CompileTask:
C2:62332 12034       4       java.lang.invoke.MethodType::makeImpl (109 bytes)

Stack: [0x0000004700c00000,0x0000004700d00000]
Native frames: (J=compiled Java code, j=interpreted, Vv=VM code, C=native code)
V  [jvm.dll+0x6d7e19]
V  [jvm.dll+0x8b5096]
V  [jvm.dll+0x8b764e]
V  [jvm.dll+0x8b7d33]
V  [jvm.dll+0x284596]
V  [jvm.dll+0xc685d]
V  [jvm.dll+0xc6da1]
V  [jvm.dll+0x3bed31]
V  [jvm.dll+0x38b2b2]
V  [jvm.dll+0x38a6fa]
V  [jvm.dll+0x24c700]
V  [jvm.dll+0x24bce0]
V  [jvm.dll+0x1cb4ae]
V  [jvm.dll+0x25baad]
V  [jvm.dll+0x25a03a]
V  [jvm.dll+0x3f868e]
V  [jvm.dll+0x85fb0d]
V  [jvm.dll+0x6d664d]
C  [ucrtbase.dll+0x2cd30]
C  [KERNEL32.DLL+0x2e957]
C  [ntdll.dll+0x87c1c]


---------------  P R O C E S S  ---------------

Threads class SMR info:
_java_thread_list=0x00000165fe3d6290, length=60, elements={
0x00000165dd6aeb00, 0x00000165dd76ba80, 0x00000165f4123f50, 0x00000165f4126120,
0x00000165f4126c80, 0x00000165f41276e0, 0x00000165f412bf20, 0x00000165f412efc0,
0x00000165f4147c80, 0x00000165f5bc7380, 0x00000165f5ce38f0, 0x00000165fa2dd8f0,
0x00000165fa7447b0, 0x00000165fa744e40, 0x00000165fa742050, 0x00000165fa7426e0,
0x00000165fa743a90, 0x00000165fa744120, 0x00000165fa7419c0, 0x00000165fa742d70,
0x00000165fa743400, 0x00000165fd97a450, 0x00000165fd977cf0, 0x00000165fd978380,
0x00000165fd978a10, 0x00000165fd9790a0, 0x00000165fd979730, 0x00000165fd97b170,
0x00000165fcdb7900, 0x00000165fcdb7270, 0x00000165fcdb8620, 0x00000165fcdb6550,
0x00000165fcdb6be0, 0x00000165fcdb9340, 0x00000165fcdb99d0, 0x00000165fcdba060,
0x00000165fcdbad80, 0x00000165fcdba6f0, 0x00000165f5b2a880, 0x00000165f5b2bc30,
0x00000165f5b28e40, 0x00000165f5b29b60, 0x00000165f5b287b0, 0x00000165f5b2f0b0,
0x00000165f41490f0, 0x00000165f41497c0, 0x00000165f5b2c2c0, 0x00000165f5b2f740,
0x00000165f5b2ea20, 0x00000165f5b2d670, 0x00000165fcdbbaa0, 0x00000165fcdbc130,
0x00000165fcdb8cb0, 0x00000165fcdbc7c0, 0x00000165fcdbce50, 0x00000165fcdbdb70,
0x00000165fcdbd4e0, 0x00000165fd97aae0, 0x00000165fa41e310, 0x00000165fa41c240
}

Java Threads: ( => current thread )
  0x00000165dd6aeb00 JavaThread "main"                              [_thread_blocked, id=22076, stack(0x000000477d100000,0x000000477d200000) (1024K)]
  0x00000165dd76ba80 JavaThread "Reference Handler"          daemon [_thread_blocked, id=28432, stack(0x000000477d500000,0x000000477d600000) (1024K)]
  0x00000165f4123f50 JavaThread "Finalizer"                  daemon [_thread_blocked, id=4396, stack(0x000000477d600000,0x000000477d700000) (1024K)]
  0x00000165f4126120 JavaThread "Signal Dispatcher"          daemon [_thread_blocked, id=35644, stack(0x000000477d700000,0x000000477d800000) (1024K)]
  0x00000165f4126c80 JavaThread "Attach Listener"            daemon [_thread_blocked, id=15088, stack(0x000000477d800000,0x000000477d900000) (1024K)]
  0x00000165f41276e0 JavaThread "Service Thread"             daemon [_thread_blocked, id=18316, stack(0x000000477d900000,0x000000477da00000) (1024K)]
  0x00000165f412bf20 JavaThread "Monitor Deflation Thread"   daemon [_thread_blocked, id=38184, stack(0x000000477da00000,0x000000477db00000) (1024K)]
  0x00000165f412efc0 JavaThread "C2 CompilerThread0"         daemon [_thread_in_native, id=18688, stack(0x000000477db00000,0x000000477dc00000) (1024K)]
  0x00000165f4147c80 JavaThread "C1 CompilerThread0"         daemon [_thread_in_native, id=15560, stack(0x000000477dc00000,0x000000477dd00000) (1024K)]
  0x00000165f5bc7380 JavaThread "Common-Cleaner"             daemon [_thread_blocked, id=23016, stack(0x000000477dd00000,0x000000477de00000) (1024K)]
  0x00000165f5ce38f0 JavaThread "Notification Thread"        daemon [_thread_blocked, id=27060, stack(0x000000477de00000,0x000000477df00000) (1024K)]
  0x00000165fa2dd8f0 JavaThread "Active Thread: Equinox Container: 8bb338e0-1784-49fd-bce0-57cb154bbd30"        [_thread_blocked, id=13424, stack(0x000000477ec00000,0x000000477ed00000) (1024K)]
  0x00000165fa7447b0 JavaThread "Framework Event Dispatcher: Equinox Container: 8bb338e0-1784-49fd-bce0-57cb154bbd30" daemon [_thread_blocked, id=15872, stack(0x000000477ed00000,0x000000477ee00000) (1024K)]
  0x00000165fa744e40 JavaThread "Start Level: Equinox Container: 8bb338e0-1784-49fd-bce0-57cb154bbd30" daemon [_thread_blocked, id=40328, stack(0x000000477ee00000,0x000000477ef00000) (1024K)]
  0x00000165fa742050 JavaThread "Bundle File Closer"         daemon [_thread_blocked, id=36164, stack(0x000000477f000000,0x000000477f100000) (1024K)]
  0x00000165fa7426e0 JavaThread "Refresh Thread: Equinox Container: 8bb338e0-1784-49fd-bce0-57cb154bbd30" daemon [_thread_blocked, id=28904, stack(0x000000477f100000,0x000000477f200000) (1024K)]
  0x00000165fa743a90 JavaThread "SCR Component Actor"        daemon [_thread_blocked, id=11208, stack(0x000000477df00000,0x000000477e000000) (1024K)]
  0x00000165fa744120 JavaThread "Worker-JM"                         [_thread_blocked, id=33164, stack(0x000000477e700000,0x000000477e800000) (1024K)]
  0x00000165fa7419c0 JavaThread "Worker-0: Initialize workspace"        [_thread_blocked, id=33392, stack(0x000000477e800000,0x000000477e900000) (1024K)]
  0x00000165fa742d70 JavaThread "Worker-1"                          [_thread_blocked, id=31348, stack(0x000000477e900000,0x000000477ea00000) (1024K)]
  0x00000165fa743400 JavaThread "Worker-2"                          [_thread_blocked, id=22228, stack(0x000000477eb00000,0x000000477ec00000) (1024K)]
  0x00000165fd97a450 JavaThread "Java indexing"              daemon [_thread_blocked, id=12848, stack(0x000000477f200000,0x000000477f300000) (1024K)]
  0x00000165fd977cf0 JavaThread "Worker-3: Building"                [_thread_blocked, id=28720, stack(0x000000477f300000,0x000000477f400000) (1024K)]
  0x00000165fd978380 JavaThread "JNA Cleaner"                daemon [_thread_blocked, id=31332, stack(0x000000477e000000,0x000000477e100000) (1024K)]
  0x00000165fd978a10 JavaThread "Worker-4: Publish Diagnostics"        [_thread_in_native, id=33440, stack(0x000000477f500000,0x000000477f600000) (1024K)]
  0x00000165fd9790a0 JavaThread "Worker-5"                          [_thread_blocked, id=32916, stack(0x000000477f600000,0x000000477f700000) (1024K)]
  0x00000165fd979730 JavaThread "Thread-1"                   daemon [_thread_in_native, id=32836, stack(0x000000477f800000,0x000000477f900000) (1024K)]
  0x00000165fd97b170 JavaThread "Thread-2"                   daemon [_thread_in_native, id=17776, stack(0x000000477f900000,0x000000477fa00000) (1024K)]
  0x00000165fcdb7900 JavaThread "Thread-3"                   daemon [_thread_in_native, id=15324, stack(0x000000477fa00000,0x000000477fb00000) (1024K)]
  0x00000165fcdb7270 JavaThread "Thread-4"                   daemon [_thread_in_native, id=23520, stack(0x000000477fb00000,0x000000477fc00000) (1024K)]
  0x00000165fcdb8620 JavaThread "Thread-5"                   daemon [_thread_in_native, id=33408, stack(0x000000477fc00000,0x000000477fd00000) (1024K)]
  0x00000165fcdb6550 JavaThread "Thread-6"                   daemon [_thread_in_native, id=25060, stack(0x000000477fd00000,0x000000477fe00000) (1024K)]
  0x00000165fcdb6be0 JavaThread "Thread-7"                   daemon [_thread_in_native, id=21996, stack(0x000000477fe00000,0x000000477ff00000) (1024K)]
  0x00000165fcdb9340 JavaThread "Thread-8"                   daemon [_thread_in_native, id=16160, stack(0x000000477ff00000,0x0000004780000000) (1024K)]
  0x00000165fcdb99d0 JavaThread "Thread-9"                   daemon [_thread_in_native, id=36168, stack(0x0000004700000000,0x0000004700100000) (1024K)]
  0x00000165fcdba060 JavaThread "pool-2-thread-1"                   [_thread_blocked, id=31492, stack(0x0000004700100000,0x0000004700200000) (1024K)]
  0x00000165fcdbad80 JavaThread "WorkspaceEventsHandler"            [_thread_blocked, id=8272, stack(0x0000004700300000,0x0000004700400000) (1024K)]
  0x00000165fcdba6f0 JavaThread "pool-1-thread-1"                   [_thread_blocked, id=2136, stack(0x0000004700400000,0x0000004700500000) (1024K)]
  0x00000165f5b2a880 JavaThread "Compiler Source File Reader" daemon [_thread_blocked, id=33808, stack(0x0000004700200000,0x0000004700300000) (1024K)]
  0x00000165f5b2bc30 JavaThread "Compiler Source File Reader" daemon [_thread_blocked, id=16732, stack(0x0000004700600000,0x0000004700700000) (1024K)]
  0x00000165f5b28e40 JavaThread "Compiler Source File Reader" daemon [_thread_blocked, id=39956, stack(0x0000004700700000,0x0000004700800000) (1024K)]
  0x00000165f5b29b60 JavaThread "Compiler Source File Reader" daemon [_thread_blocked, id=36148, stack(0x0000004700800000,0x0000004700900000) (1024K)]
  0x00000165f5b287b0 JavaThread "Compiler Source File Reader" daemon [_thread_blocked, id=35528, stack(0x0000004700900000,0x0000004700a00000) (1024K)]
  0x00000165f5b2f0b0 JavaThread "Compiler Source File Reader" daemon [_thread_blocked, id=35144, stack(0x0000004700a00000,0x0000004700b00000) (1024K)]
  0x00000165f41490f0 JavaThread "C2 CompilerThread1"         daemon [_thread_in_native, id=32300, stack(0x0000004700b00000,0x0000004700c00000) (1024K)]
=>0x00000165f41497c0 JavaThread "C2 CompilerThread2"         daemon [_thread_in_native, id=29356, stack(0x0000004700c00000,0x0000004700d00000) (1024K)]
  0x00000165f5b2c2c0 JavaThread "Compiler Processing Task"   daemon [_thread_in_Java, id=18088, stack(0x0000004700d00000,0x0000004700e00000) (1024K)]
  0x00000165f5b2f740 JavaThread "ForkJoinPool.commonPool-worker-1" daemon [_thread_blocked, id=21784, stack(0x0000004700e00000,0x0000004700f00000) (1024K)]
  0x00000165f5b2ea20 JavaThread "Compiler Class File Writer" daemon [_thread_blocked, id=39940, stack(0x0000004700f00000,0x0000004701000000) (1024K)]
  0x00000165f5b2d670 JavaThread "Compiler Class File Writer" daemon [_thread_blocked, id=23900, stack(0x0000004701000000,0x0000004701100000) (1024K)]
  0x00000165fcdbbaa0 JavaThread "Compiler Class File Writer" daemon [_thread_blocked, id=25284, stack(0x0000004701100000,0x0000004701200000) (1024K)]
  0x00000165fcdbc130 JavaThread "Compiler Class File Writer" daemon [_thread_blocked, id=26488, stack(0x0000004701200000,0x0000004701300000) (1024K)]
  0x00000165fcdb8cb0 JavaThread "Compiler Class File Writer" daemon [_thread_blocked, id=12404, stack(0x0000004701300000,0x0000004701400000) (1024K)]
  0x00000165fcdbc7c0 JavaThread "ForkJoinPool.commonPool-worker-2" daemon [_thread_in_vm, id=39284, stack(0x0000004701400000,0x0000004701500000) (1024K)]
  0x00000165fcdbce50 JavaThread "ForkJoinPool.commonPool-worker-3" daemon [_thread_blocked, id=35244, stack(0x0000004701500000,0x0000004701600000) (1024K)]
  0x00000165fcdbdb70 JavaThread "ForkJoinPool.commonPool-worker-4" daemon [_thread_blocked, id=7832, stack(0x0000004701600000,0x0000004701700000) (1024K)]
  0x00000165fcdbd4e0 JavaThread "ForkJoinPool.commonPool-worker-5" daemon [_thread_blocked, id=20676, stack(0x0000004701700000,0x0000004701800000) (1024K)]
  0x00000165fd97aae0 JavaThread "ForkJoinPool.commonPool-worker-6" daemon [_thread_blocked, id=25224, stack(0x0000004701800000,0x0000004701900000) (1024K)]
  0x00000165fa41e310 JavaThread "ForkJoinPool.commonPool-worker-7" daemon [_thread_blocked, id=6328, stack(0x0000004701900000,0x0000004701a00000) (1024K)]
  0x00000165fa41c240 JavaThread "Compiler Class File Writer" daemon [_thread_blocked, id=35320, stack(0x0000004701a00000,0x0000004701b00000) (1024K)]
Total: 60

Other Threads:
  0x00000165f4123630 VMThread "VM Thread"                           [id=31528, stack(0x000000477d400000,0x000000477d500000) (1024K)]
  0x00000165f403ca10 WatcherThread "VM Periodic Task Thread"        [id=29820, stack(0x000000477d300000,0x000000477d400000) (1024K)]
  0x00000165dd6cd240 WorkerThread "GC Thread#0"                     [id=36036, stack(0x000000477d200000,0x000000477d300000) (1024K)]
  0x00000165fa3d4560 WorkerThread "GC Thread#1"                     [id=1840, stack(0x000000477e100000,0x000000477e200000) (1024K)]
  0x00000165fa662f90 WorkerThread "GC Thread#2"                     [id=15308, stack(0x000000477e200000,0x000000477e300000) (1024K)]
  0x00000165fa663340 WorkerThread "GC Thread#3"                     [id=20612, stack(0x000000477e300000,0x000000477e400000) (1024K)]
  0x00000165fa6636f0 WorkerThread "GC Thread#4"                     [id=30484, stack(0x000000477e400000,0x000000477e500000) (1024K)]
  0x00000165fa663aa0 WorkerThread "GC Thread#5"                     [id=28140, stack(0x000000477e500000,0x000000477e600000) (1024K)]
  0x00000165fa663e50 WorkerThread "GC Thread#6"                     [id=5676, stack(0x000000477e600000,0x000000477e700000) (1024K)]
  0x00000165fa8fd780 WorkerThread "GC Thread#7"                     [id=40936, stack(0x000000477ef00000,0x000000477f000000) (1024K)]
Total: 10

Threads with active compile tasks:
C2 CompilerThread0  62379 12226   !   4       org.eclipse.jdt.internal.compiler.parser.Parser::parse (950 bytes)
C1 CompilerThread0  62379 12238   !   3       org.eclipse.jdt.internal.core.util.PublicScanner::$SWITCH_TABLE$org$eclipse$jdt$internal$compiler$parser$TerminalToken (2065 bytes)
C2 CompilerThread1  62379 12259       4       sun.nio.fs.WindowsPathParser::nextNonSlash (24 bytes)
C2 CompilerThread2  62379 12034       4       java.lang.invoke.MethodType::makeImpl (109 bytes)
Total: 4

VM state: not at safepoint (normal execution)

VM Mutex/Monitor currently owned by a thread: None

Heap address: 0x0000000080000000, size: 2048 MB, Compressed Oops mode: 32-bit

CDS archive(s) mapped at: [0x0000016580000000-0x0000016580ba0000-0x0000016580ba0000), size 12189696, SharedBaseAddress: 0x0000016580000000, ArchiveRelocationMode: 1.
Compressed class space mapped at: 0x0000016581000000-0x00000165c1000000, reserved size: 1073741824
Narrow klass base: 0x0000016580000000, Narrow klass shift: 0, Narrow klass range: 0x100000000

GC Precious Log:
 CardTable entry size: 512
 CPUs: 8 total, 8 available
 Memory: 8029M
 Large Page Support: Disabled
 NUMA Support: Disabled
 Compressed Oops: Enabled (32-bit)
 Alignments: Space 512K, Generation 512K, Heap 2M
 Heap Min Capacity: 100M
 Heap Initial Capacity: 100M
 Heap Max Capacity: 2G
 Pre-touch: Disabled
 Parallel Workers: 8

Heap:
 PSYoungGen      total 17408K, used 8945K [0x00000000d5580000, 0x00000000d6880000, 0x0000000100000000)
  eden space 15360K, 46% used [0x00000000d5580000,0x00000000d5c8c738,0x00000000d6480000)
  from space 2048K, 84% used [0x00000000d6680000,0x00000000d6831ee0,0x00000000d6880000)
  to   space 2048K, 0% used [0x00000000d6480000,0x00000000d6480000,0x00000000d6680000)
 ParOldGen       total 68608K, used 53950K [0x0000000080000000, 0x0000000084300000, 0x00000000d5580000)
  object space 68608K, 78% used [0x0000000080000000,0x00000000834af8e0,0x0000000084300000)
 Metaspace       used 72356K, committed 73920K, reserved 1114112K
  class space    used 7816K, committed 8512K, reserved 1048576K

Card table byte_map: [0x00000165dd070000,0x00000165dd480000] _byte_map_base: 0x00000165dcc70000

Marking Bits: (ParMarkBitMap*) 0x00007ffffb2b4460
 Begin Bits: [0x00000165efb60000, 0x00000165f1b60000)
 End Bits:   [0x00000165f1b60000, 0x00000165f3b60000)

Polling page: 0x00000165db770000

Metaspace:

Usage:
  Non-class:     63.03 MB used.
      Class:      7.63 MB used.
       Both:     70.66 MB used.

Virtual space:
  Non-class space:       64.00 MB reserved,      63.88 MB (>99%) committed,  1 nodes.
      Class space:        1.00 GB reserved,       8.31 MB ( <1%) committed,  1 nodes.
             Both:        1.06 GB reserved,      72.19 MB (  7%) committed. 

Chunk freelists:
   Non-Class:  16.00 KB
       Class:  7.55 MB
        Both:  7.56 MB

MaxMetaspaceSize: unlimited
CompressedClassSpaceSize: 1.00 GB
Initial GC threshold: 21.00 MB
Current GC threshold: 97.31 MB
CDS: on
 - commit_granule_bytes: 65536.
 - commit_granule_words: 8192.
 - virtual_space_node_default_size: 8388608.
 - enlarge_chunks_in_place: 1.
 - use_allocation_guard: 0.


Internal statistics:

num_allocs_failed_limit: 9.
num_arena_births: 1288.
num_arena_deaths: 46.
num_vsnodes_births: 2.
num_vsnodes_deaths: 0.
num_space_committed: 1155.
num_space_uncommitted: 0.
num_chunks_returned_to_freelist: 63.
num_chunks_taken_from_freelist: 4444.
num_chunk_merges: 18.
num_chunk_splits: 2735.
num_chunks_enlarged: 1627.
num_inconsistent_stats: 0.

CodeHeap 'non-profiled nmethods': size=120000Kb used=7804Kb max_used=7804Kb free=112195Kb
 bounds [0x00000165e8380000, 0x00000165e8b20000, 0x00000165ef8b0000]
CodeHeap 'profiled nmethods': size=120000Kb used=24586Kb max_used=24586Kb free=95413Kb
 bounds [0x00000165e08b0000, 0x00000165e20c0000, 0x00000165e7de0000]
CodeHeap 'non-nmethods': size=5760Kb used=1490Kb max_used=1552Kb free=4269Kb
 bounds [0x00000165e7de0000, 0x00000165e8050000, 0x00000165e8380000]
CodeCache: size=245760Kb, used=33880Kb, max_used=33942Kb, free=211877Kb
 total_blobs=12116, nmethods=11309, adapters=712, full_count=0
Compilation: enabled, stopped_count=0, restarted_count=0

Compilation events (20 events):
Event: 61.301 Thread 0x00000165f4147c80 12194       3       org.eclipse.jdt.internal.compiler.lookup.LocalVariableBinding::merge (66 bytes)
Event: 61.301 Thread 0x00000165f4147c80 nmethod 12194 0x00000165e2086f90 code [0x00000165e2087180, 0x00000165e20875d8]
Event: 61.307 Thread 0x00000165f4147c80 12195       1       org.eclipse.core.internal.resources.FilterDescription::getFileInfoMatcherDescription (5 bytes)
Event: 61.307 Thread 0x00000165f4147c80 nmethod 12195 0x00000165e8b14810 code [0x00000165e8b149a0, 0x00000165e8b14a68]
Event: 61.308 Thread 0x00000165f4147c80 12196       3       org.eclipse.jdt.internal.core.JavaElement::equals (57 bytes)
Event: 61.308 Thread 0x00000165f4147c80 nmethod 12196 0x00000165e2087710 code [0x00000165e2087920, 0x00000165e2088070]
Event: 61.308 Thread 0x00000165f4147c80 12197       3       org.eclipse.jdt.internal.core.OverflowingLRUCache::updateTimestamp (43 bytes)
Event: 61.309 Thread 0x00000165f4147c80 nmethod 12197 0x00000165e2088210 code [0x00000165e20883e0, 0x00000165e20887e8]
Event: 61.310 Thread 0x00000165f4147c80 12198       3       org.eclipse.jdt.internal.compiler.flow.FlowContext::markFinallyNullStatus (61 bytes)
Event: 61.310 Thread 0x00000165f4147c80 nmethod 12198 0x00000165e2088910 code [0x00000165e2088b20, 0x00000165e2089098]
Event: 61.310 Thread 0x00000165f4147c80 12201       3       org.eclipse.jdt.internal.compiler.ast.FakedTrackingVariable$1::handle (92 bytes)
Event: 61.311 Thread 0x00000165f4147c80 nmethod 12201 0x00000165e2089290 code [0x00000165e2089540, 0x00000165e208a118]
Event: 61.311 Thread 0x00000165f4147c80 12199       3       org.eclipse.jdt.internal.compiler.ast.MessageSend::nullStatus (85 bytes)
Event: 61.311 Thread 0x00000165f4147c80 nmethod 12199 0x00000165e208a590 code [0x00000165e208a7a0, 0x00000165e208ae00]
Event: 61.311 Thread 0x00000165f4147c80 12200       3       org.eclipse.jdt.internal.compiler.flow.FlowInfo::tagBitsToNullStatus (27 bytes)
Event: 61.311 Thread 0x00000165f4147c80 nmethod 12200 0x00000165e208b010 code [0x00000165e208b1c0, 0x00000165e208b398]
Event: 61.314 Thread 0x00000165f4147c80 12202       3       org.eclipse.jdt.internal.compiler.flow.UnconditionalFlowInfo::markAsComparedEqualToNonNull (560 bytes)
Event: 61.316 Thread 0x00000165f412efc0 nmethod 12137 0x00000165e8b14b10 code [0x00000165e8b14e20, 0x00000165e8b16cf8]
Event: 61.319 Thread 0x00000165f412efc0 12203       4       java.util.Arrays::equals (43 bytes)
Event: 61.321 Thread 0x00000165f412efc0 nmethod 12203 0x00000165e8b18510 code [0x00000165e8b186a0, 0x00000165e8b18788]

GC Heap History (20 events):
Event: 56.581 GC heap before
{Heap before GC invocations=44 (full 3):
 PSYoungGen      total 19968K, used 19460K [0x00000000d5580000, 0x00000000d6c00000, 0x0000000100000000)
  eden space 17920K, 99% used [0x00000000d5580000,0x00000000d66faf88,0x00000000d6700000)
  from space 2048K, 76% used [0x00000000d6a00000,0x00000000d6b86200,0x00000000d6c00000)
  to   space 2048K, 0% used [0x00000000d6700000,0x00000000d6700000,0x00000000d6900000)
 ParOldGen       total 68608K, used 43633K [0x0000000080000000, 0x0000000084300000, 0x00000000d5580000)
  object space 68608K, 63% used [0x0000000080000000,0x0000000082a9c428,0x0000000084300000)
 Metaspace       used 62383K, committed 63680K, reserved 1114112K
  class space    used 6887K, committed 7424K, reserved 1048576K
}
Event: 56.584 GC heap after
{Heap after GC invocations=44 (full 3):
 PSYoungGen      total 19968K, used 704K [0x00000000d5580000, 0x00000000d6a80000, 0x0000000100000000)
  eden space 17920K, 0% used [0x00000000d5580000,0x00000000d5580000,0x00000000d6700000)
  from space 2048K, 34% used [0x00000000d6700000,0x00000000d67b0000,0x00000000d6900000)
  to   space 1536K, 0% used [0x00000000d6900000,0x00000000d6900000,0x00000000d6a80000)
 ParOldGen       total 68608K, used 45089K [0x0000000080000000, 0x0000000084300000, 0x00000000d5580000)
  object space 68608K, 65% used [0x0000000080000000,0x0000000082c08628,0x0000000084300000)
 Metaspace       used 62383K, committed 63680K, reserved 1114112K
  class space    used 6887K, committed 7424K, reserved 1048576K
}
Event: 57.103 GC heap before
{Heap before GC invocations=45 (full 3):
 PSYoungGen      total 19968K, used 18592K [0x00000000d5580000, 0x00000000d6a80000, 0x0000000100000000)
  eden space 17920K, 99% used [0x00000000d5580000,0x00000000d66f80b8,0x00000000d6700000)
  from space 2048K, 34% used [0x00000000d6700000,0x00000000d67b0000,0x00000000d6900000)
  to   space 1536K, 0% used [0x00000000d6900000,0x00000000d6900000,0x00000000d6a80000)
 ParOldGen       total 68608K, used 45089K [0x0000000080000000, 0x0000000084300000, 0x00000000d5580000)
  object space 68608K, 65% used [0x0000000080000000,0x0000000082c08628,0x0000000084300000)
 Metaspace       used 63286K, committed 64640K, reserved 1114112K
  class space    used 7008K, committed 7552K, reserved 1048576K
}
Event: 57.105 GC heap after
{Heap after GC invocations=45 (full 3):
 PSYoungGen      total 18944K, used 1517K [0x00000000d5580000, 0x00000000d6c00000, 0x0000000100000000)
  eden space 17408K, 0% used [0x00000000d5580000,0x00000000d5580000,0x00000000d6680000)
  from space 1536K, 98% used [0x00000000d6900000,0x00000000d6a7b510,0x00000000d6a80000)
  to   space 2560K, 0% used [0x00000000d6680000,0x00000000d6680000,0x00000000d6900000)
 ParOldGen       total 68608K, used 45830K [0x0000000080000000, 0x0000000084300000, 0x00000000d5580000)
  object space 68608K, 66% used [0x0000000080000000,0x0000000082cc19c0,0x0000000084300000)
 Metaspace       used 63286K, committed 64640K, reserved 1114112K
  class space    used 7008K, committed 7552K, reserved 1048576K
}
Event: 58.025 GC heap before
{Heap before GC invocations=46 (full 3):
 PSYoungGen      total 18944K, used 18925K [0x00000000d5580000, 0x00000000d6c00000, 0x0000000100000000)
  eden space 17408K, 100% used [0x00000000d5580000,0x00000000d6680000,0x00000000d6680000)
  from space 1536K, 98% used [0x00000000d6900000,0x00000000d6a7b510,0x00000000d6a80000)
  to   space 2560K, 0% used [0x00000000d6680000,0x00000000d6680000,0x00000000d6900000)
 ParOldGen       total 68608K, used 45830K [0x0000000080000000, 0x0000000084300000, 0x00000000d5580000)
  object space 68608K, 66% used [0x0000000080000000,0x0000000082cc19c0,0x0000000084300000)
 Metaspace       used 64484K, committed 65920K, reserved 1114112K
  class space    used 7136K, committed 7744K, reserved 1048576K
}
Event: 58.029 GC heap after
{Heap after GC invocations=46 (full 3):
 PSYoungGen      total 18432K, used 887K [0x00000000d5580000, 0x00000000d6980000, 0x0000000100000000)
  eden space 17408K, 0% used [0x00000000d5580000,0x00000000d5580000,0x00000000d6680000)
  from space 1024K, 86% used [0x00000000d6680000,0x00000000d675def0,0x00000000d6780000)
  to   space 1536K, 0% used [0x00000000d6800000,0x00000000d6800000,0x00000000d6980000)
 ParOldGen       total 68608K, used 47348K [0x0000000080000000, 0x0000000084300000, 0x00000000d5580000)
  object space 68608K, 69% used [0x0000000080000000,0x0000000082e3d350,0x0000000084300000)
 Metaspace       used 64484K, committed 65920K, reserved 1114112K
  class space    used 7136K, committed 7744K, reserved 1048576K
}
Event: 58.318 GC heap before
{Heap before GC invocations=47 (full 3):
 PSYoungGen      total 18432K, used 18295K [0x00000000d5580000, 0x00000000d6980000, 0x0000000100000000)
  eden space 17408K, 100% used [0x00000000d5580000,0x00000000d6680000,0x00000000d6680000)
  from space 1024K, 86% used [0x00000000d6680000,0x00000000d675def0,0x00000000d6780000)
  to   space 1536K, 0% used [0x00000000d6800000,0x00000000d6800000,0x00000000d6980000)
 ParOldGen       total 68608K, used 47348K [0x0000000080000000, 0x0000000084300000, 0x00000000d5580000)
  object space 68608K, 69% used [0x0000000080000000,0x0000000082e3d350,0x0000000084300000)
 Metaspace       used 66067K, committed 67520K, reserved 1114112K
  class space    used 7259K, committed 7808K, reserved 1048576K
}
Event: 58.322 GC heap after
{Heap after GC invocations=47 (full 3):
 PSYoungGen      total 17408K, used 1523K [0x00000000d5580000, 0x00000000d6c80000, 0x0000000100000000)
  eden space 15872K, 0% used [0x00000000d5580000,0x00000000d5580000,0x00000000d6500000)
  from space 1536K, 99% used [0x00000000d6800000,0x00000000d697cc98,0x00000000d6980000)
  to   space 3072K, 0% used [0x00000000d6500000,0x00000000d6500000,0x00000000d6800000)
 ParOldGen       total 68608K, used 48283K [0x0000000080000000, 0x0000000084300000, 0x00000000d5580000)
  object space 68608K, 70% used [0x0000000080000000,0x0000000082f26de8,0x0000000084300000)
 Metaspace       used 66067K, committed 67520K, reserved 1114112K
  class space    used 7259K, committed 7808K, reserved 1048576K
}
Event: 58.419 GC heap before
{Heap before GC invocations=48 (full 3):
 PSYoungGen      total 17408K, used 17395K [0x00000000d5580000, 0x00000000d6c80000, 0x0000000100000000)
  eden space 15872K, 100% used [0x00000000d5580000,0x00000000d6500000,0x00000000d6500000)
  from space 1536K, 99% used [0x00000000d6800000,0x00000000d697cc98,0x00000000d6980000)
  to   space 3072K, 0% used [0x00000000d6500000,0x00000000d6500000,0x00000000d6800000)
 ParOldGen       total 68608K, used 48283K [0x0000000080000000, 0x0000000084300000, 0x00000000d5580000)
  object space 68608K, 70% used [0x0000000080000000,0x0000000082f26de8,0x0000000084300000)
 Metaspace       used 66116K, committed 67584K, reserved 1114112K
  class space    used 7259K, committed 7808K, reserved 1048576K
}
Event: 58.421 GC heap after
{Heap after GC invocations=48 (full 3):
 PSYoungGen      total 16896K, used 617K [0x00000000d5580000, 0x00000000d6880000, 0x0000000100000000)
  eden space 15872K, 0% used [0x00000000d5580000,0x00000000d5580000,0x00000000d6500000)
  from space 1024K, 60% used [0x00000000d6500000,0x00000000d659a6c0,0x00000000d6600000)
  to   space 1536K, 0% used [0x00000000d6700000,0x00000000d6700000,0x00000000d6880000)
 ParOldGen       total 68608K, used 49216K [0x0000000080000000, 0x0000000084300000, 0x00000000d5580000)
  object space 68608K, 71% used [0x0000000080000000,0x0000000083010058,0x0000000084300000)
 Metaspace       used 66116K, committed 67584K, reserved 1114112K
  class space    used 7259K, committed 7808K, reserved 1048576K
}
Event: 58.474 GC heap before
{Heap before GC invocations=49 (full 3):
 PSYoungGen      total 16896K, used 16489K [0x00000000d5580000, 0x00000000d6880000, 0x0000000100000000)
  eden space 15872K, 100% used [0x00000000d5580000,0x00000000d6500000,0x00000000d6500000)
  from space 1024K, 60% used [0x00000000d6500000,0x00000000d659a6c0,0x00000000d6600000)
  to   space 1536K, 0% used [0x00000000d6700000,0x00000000d6700000,0x00000000d6880000)
 ParOldGen       total 68608K, used 49216K [0x0000000080000000, 0x0000000084300000, 0x00000000d5580000)
  object space 68608K, 71% used [0x0000000080000000,0x0000000083010058,0x0000000084300000)
 Metaspace       used 66120K, committed 67584K, reserved 1114112K
  class space    used 7259K, committed 7808K, reserved 1048576K
}
Event: 58.476 GC heap after
{Heap after GC invocations=49 (full 3):
 PSYoungGen      total 16896K, used 970K [0x00000000d5580000, 0x00000000d6800000, 0x0000000100000000)
  eden space 15872K, 0% used [0x00000000d5580000,0x00000000d5580000,0x00000000d6500000)
  from space 1024K, 94% used [0x00000000d6700000,0x00000000d67f2b40,0x00000000d6800000)
  to   space 1536K, 0% used [0x00000000d6500000,0x00000000d6500000,0x00000000d6680000)
 ParOldGen       total 68608K, used 49248K [0x0000000080000000, 0x0000000084300000, 0x00000000d5580000)
  object space 68608K, 71% used [0x0000000080000000,0x0000000083018058,0x0000000084300000)
 Metaspace       used 66120K, committed 67584K, reserved 1114112K
  class space    used 7259K, committed 7808K, reserved 1048576K
}
Event: 58.884 GC heap before
{Heap before GC invocations=50 (full 3):
 PSYoungGen      total 16896K, used 16842K [0x00000000d5580000, 0x00000000d6800000, 0x0000000100000000)
  eden space 15872K, 100% used [0x00000000d5580000,0x00000000d6500000,0x00000000d6500000)
  from space 1024K, 94% used [0x00000000d6700000,0x00000000d67f2b40,0x00000000d6800000)
  to   space 1536K, 0% used [0x00000000d6500000,0x00000000d6500000,0x00000000d6680000)
 ParOldGen       total 68608K, used 49248K [0x0000000080000000, 0x0000000084300000, 0x00000000d5580000)
  object space 68608K, 71% used [0x0000000080000000,0x0000000083018058,0x0000000084300000)
 Metaspace       used 68116K, committed 69696K, reserved 1114112K
  class space    used 7434K, committed 8064K, reserved 1048576K
}
Event: 58.886 GC heap after
{Heap after GC invocations=50 (full 3):
 PSYoungGen      total 17408K, used 1515K [0x00000000d5580000, 0x00000000d6900000, 0x0000000100000000)
  eden space 15872K, 0% used [0x00000000d5580000,0x00000000d5580000,0x00000000d6500000)
  from space 1536K, 98% used [0x00000000d6500000,0x00000000d667ace0,0x00000000d6680000)
  to   space 2048K, 0% used [0x00000000d6700000,0x00000000d6700000,0x00000000d6900000)
 ParOldGen       total 68608K, used 49382K [0x0000000080000000, 0x0000000084300000, 0x00000000d5580000)
  object space 68608K, 71% used [0x0000000080000000,0x0000000083039b60,0x0000000084300000)
 Metaspace       used 68116K, committed 69696K, reserved 1114112K
  class space    used 7434K, committed 8064K, reserved 1048576K
}
Event: 59.327 GC heap before
{Heap before GC invocations=51 (full 3):
 PSYoungGen      total 17408K, used 17387K [0x00000000d5580000, 0x00000000d6900000, 0x0000000100000000)
  eden space 15872K, 100% used [0x00000000d5580000,0x00000000d6500000,0x00000000d6500000)
  from space 1536K, 98% used [0x00000000d6500000,0x00000000d667ace0,0x00000000d6680000)
  to   space 2048K, 0% used [0x00000000d6700000,0x00000000d6700000,0x00000000d6900000)
 ParOldGen       total 68608K, used 49382K [0x0000000080000000, 0x0000000084300000, 0x00000000d5580000)
  object space 68608K, 71% used [0x0000000080000000,0x0000000083039b60,0x0000000084300000)
 Metaspace       used 69024K, committed 70528K, reserved 1114112K
  class space    used 7516K, committed 8128K, reserved 1048576K
}
Event: 59.330 GC heap after
{Heap after GC invocations=51 (full 3):
 PSYoungGen      total 17408K, used 2045K [0x00000000d5580000, 0x00000000d6a00000, 0x0000000100000000)
  eden space 15360K, 0% used [0x00000000d5580000,0x00000000d5580000,0x00000000d6480000)
  from space 2048K, 99% used [0x00000000d6700000,0x00000000d68ff438,0x00000000d6900000)
  to   space 2560K, 0% used [0x00000000d6480000,0x00000000d6480000,0x00000000d6700000)
 ParOldGen       total 68608K, used 50612K [0x0000000080000000, 0x0000000084300000, 0x00000000d5580000)
  object space 68608K, 73% used [0x0000000080000000,0x000000008316d290,0x0000000084300000)
 Metaspace       used 69024K, committed 70528K, reserved 1114112K
  class space    used 7516K, committed 8128K, reserved 1048576K
}
Event: 59.752 GC heap before
{Heap before GC invocations=52 (full 3):
 PSYoungGen      total 17408K, used 17405K [0x00000000d5580000, 0x00000000d6a00000, 0x0000000100000000)
  eden space 15360K, 100% used [0x00000000d5580000,0x00000000d6480000,0x00000000d6480000)
  from space 2048K, 99% used [0x00000000d6700000,0x00000000d68ff438,0x00000000d6900000)
  to   space 2560K, 0% used [0x00000000d6480000,0x00000000d6480000,0x00000000d6700000)
 ParOldGen       total 68608K, used 50612K [0x0000000080000000, 0x0000000084300000, 0x00000000d5580000)
  object space 68608K, 73% used [0x0000000080000000,0x000000008316d290,0x0000000084300000)
 Metaspace       used 70185K, committed 71744K, reserved 1114112K
  class space    used 7660K, committed 8320K, reserved 1048576K
}
Event: 59.758 GC heap after
{Heap after GC invocations=52 (full 3):
 PSYoungGen      total 17408K, used 1642K [0x00000000d5580000, 0x00000000d6880000, 0x0000000100000000)
  eden space 15360K, 0% used [0x00000000d5580000,0x00000000d5580000,0x00000000d6480000)
  from space 2048K, 80% used [0x00000000d6480000,0x00000000d661aa58,0x00000000d6680000)
  to   space 2048K, 0% used [0x00000000d6680000,0x00000000d6680000,0x00000000d6880000)
 ParOldGen       total 68608K, used 52549K [0x0000000080000000, 0x0000000084300000, 0x00000000d5580000)
  object space 68608K, 76% used [0x0000000080000000,0x0000000083351478,0x0000000084300000)
 Metaspace       used 70185K, committed 71744K, reserved 1114112K
  class space    used 7660K, committed 8320K, reserved 1048576K
}
Event: 61.215 GC heap before
{Heap before GC invocations=53 (full 3):
 PSYoungGen      total 17408K, used 17002K [0x00000000d5580000, 0x00000000d6880000, 0x0000000100000000)
  eden space 15360K, 100% used [0x00000000d5580000,0x00000000d6480000,0x00000000d6480000)
  from space 2048K, 80% used [0x00000000d6480000,0x00000000d661aa58,0x00000000d6680000)
  to   space 2048K, 0% used [0x00000000d6680000,0x00000000d6680000,0x00000000d6880000)
 ParOldGen       total 68608K, used 52549K [0x0000000080000000, 0x0000000084300000, 0x00000000d5580000)
  object space 68608K, 76% used [0x0000000080000000,0x0000000083351478,0x0000000084300000)
 Metaspace       used 71527K, committed 73088K, reserved 1114112K
  class space    used 7781K, committed 8448K, reserved 1048576K
}
Event: 61.221 GC heap after
{Heap after GC invocations=53 (full 3):
 PSYoungGen      total 17408K, used 1735K [0x00000000d5580000, 0x00000000d6880000, 0x0000000100000000)
  eden space 15360K, 0% used [0x00000000d5580000,0x00000000d5580000,0x00000000d6480000)
  from space 2048K, 84% used [0x00000000d6680000,0x00000000d6831ee0,0x00000000d6880000)
  to   space 2048K, 0% used [0x00000000d6480000,0x00000000d6480000,0x00000000d6680000)
 ParOldGen       total 68608K, used 53950K [0x0000000080000000, 0x0000000084300000, 0x00000000d5580000)
  object space 68608K, 78% used [0x0000000080000000,0x00000000834af8e0,0x0000000084300000)
 Metaspace       used 71527K, committed 73088K, reserved 1114112K
  class space    used 7781K, committed 8448K, reserved 1048576K
}

Dll operation events (14 events):
Event: 0.014 Loaded shared library c:\Users\DIANA\.vscode\extensions\redhat.java-1.55.0-win32-x64\jre\21.0.11-win32-x86_64\bin\java.dll
Event: 0.102 Loaded shared library c:\Users\DIANA\.vscode\extensions\redhat.java-1.55.0-win32-x64\jre\21.0.11-win32-x86_64\bin\zip.dll
Event: 0.139 Loaded shared library C:\Users\DIANA\.vscode\extensions\redhat.java-1.55.0-win32-x64\jre\21.0.11-win32-x86_64\bin\instrument.dll
Event: 0.150 Loaded shared library C:\Users\DIANA\.vscode\extensions\redhat.java-1.55.0-win32-x64\jre\21.0.11-win32-x86_64\bin\net.dll
Event: 0.154 Loaded shared library C:\Users\DIANA\.vscode\extensions\redhat.java-1.55.0-win32-x64\jre\21.0.11-win32-x86_64\bin\nio.dll
Event: 0.159 Loaded shared library C:\Users\DIANA\.vscode\extensions\redhat.java-1.55.0-win32-x64\jre\21.0.11-win32-x86_64\bin\zip.dll
Event: 0.199 Loaded shared library C:\Users\DIANA\.vscode\extensions\redhat.java-1.55.0-win32-x64\jre\21.0.11-win32-x86_64\bin\jimage.dll
Event: 0.405 Loaded shared library c:\Users\DIANA\.vscode\extensions\redhat.java-1.55.0-win32-x64\jre\21.0.11-win32-x86_64\bin\verify.dll
Event: 2.940 Loaded shared library C:\Users\DIANA\AppData\Roaming\Code\User\globalStorage\redhat.java\1.55.0\config_win\org.eclipse.equinox.launcher\org.eclipse.equinox.launcher.win32.win32.x86_64_1.3.100.v20260613-0559\eclipse_11924.dll
Event: 16.901 Loaded shared library C:\Users\DIANA\.vscode\extensions\redhat.java-1.55.0-win32-x64\jre\21.0.11-win32-x86_64\bin\management.dll
Event: 16.911 Loaded shared library C:\Users\DIANA\.vscode\extensions\redhat.java-1.55.0-win32-x64\jre\21.0.11-win32-x86_64\bin\management_ext.dll
Event: 23.895 Loaded shared library C:\Users\DIANA\AppData\Local\Temp\jna-65039119\jna3887940180017088787.dll
Event: 26.886 Loaded shared library C:\Users\DIANA\.vscode\extensions\redhat.java-1.55.0-win32-x64\jre\21.0.11-win32-x86_64\bin\sunmscapi.dll
Event: 27.580 Loaded shared library C:\Users\DIANA\.vscode\extensions\redhat.java-1.55.0-win32-x64\jre\21.0.11-win32-x86_64\bin\extnet.dll

Deoptimization events (20 events):
Event: 61.148 Thread 0x00000165fcdbce50 Uncommon trap: trap_request=0xffffff45 fr.pc=0x00000165e86c404c relative=0x000000000000028c
Event: 61.148 Thread 0x00000165fcdbce50 Uncommon trap: reason=unstable_if action=reinterpret pc=0x00000165e86c404c method=org.eclipse.osgi.internal.framework.BundleContextImpl.setContextFinder()Ljava/lang/Object; @ 36 c2
Event: 61.148 Thread 0x00000165fcdbce50 DEOPT PACKING pc=0x00000165e86c404c sp=0x00000047015fde30
Event: 61.148 Thread 0x00000165fcdbce50 DEOPT UNPACKING pc=0x00000165e7e33aa2 sp=0x00000047015fdde8 mode 2
Event: 61.178 Thread 0x00000165f5b2c2c0 Uncommon trap: trap_request=0xffffff45 fr.pc=0x00000165e8a48328 relative=0x0000000000000088
Event: 61.179 Thread 0x00000165f5b2c2c0 Uncommon trap: reason=unstable_if action=reinterpret pc=0x00000165e8a48328 method=java.util.Arrays.equals([C[C)Z @ 8 c2
Event: 61.179 Thread 0x00000165f5b2c2c0 DEOPT PACKING pc=0x00000165e8a48328 sp=0x0000004700dfe360
Event: 61.180 Thread 0x00000165f5b2c2c0 DEOPT UNPACKING pc=0x00000165e7e33aa2 sp=0x0000004700dfe2e8 mode 2
Event: 61.203 Thread 0x00000165f5b2c2c0 Uncommon trap: trap_request=0xffffffcc fr.pc=0x00000165e8b05824 relative=0x0000000000001984
Event: 61.203 Thread 0x00000165f5b2c2c0 Uncommon trap: reason=intrinsic_or_type_checked_inlining action=make_not_entrant pc=0x00000165e8b05824 method=java.util.ArrayList$SubList.toArray([Ljava/lang/Object;)[Ljava/lang/Object; @ 58 c2
Event: 61.203 Thread 0x00000165f5b2c2c0 DEOPT PACKING pc=0x00000165e8b05824 sp=0x0000004700dfe240
Event: 61.203 Thread 0x00000165f5b2c2c0 DEOPT UNPACKING pc=0x00000165e7e33aa2 sp=0x0000004700dfe168 mode 2
Event: 61.272 Thread 0x00000165f5b2c2c0 Uncommon trap: trap_request=0xffffff45 fr.pc=0x00000165e8ae3ec8 relative=0x00000000000000a8
Event: 61.272 Thread 0x00000165f5b2c2c0 Uncommon trap: reason=unstable_if action=reinterpret pc=0x00000165e8ae3ec8 method=org.eclipse.jdt.internal.compiler.codegen.ConstantPool.writeU1(I)V @ 11 c2
Event: 61.272 Thread 0x00000165f5b2c2c0 DEOPT PACKING pc=0x00000165e8ae3ec8 sp=0x0000004700dfe2c0
Event: 61.272 Thread 0x00000165f5b2c2c0 DEOPT UNPACKING pc=0x00000165e7e33aa2 sp=0x0000004700dfe248 mode 2
Event: 61.274 Thread 0x00000165f5b2c2c0 Uncommon trap: trap_request=0xffffff6e fr.pc=0x00000165e8b0eea0 relative=0x0000000000000360
Event: 61.274 Thread 0x00000165f5b2c2c0 Uncommon trap: reason=loop_limit_check action=maybe_recompile pc=0x00000165e8b0eea0 method=org.eclipse.jdt.core.compiler.CharOperation.concatWith([[CC)[C @ 121 c2
Event: 61.274 Thread 0x00000165f5b2c2c0 DEOPT PACKING pc=0x00000165e8b0eea0 sp=0x0000004700dfec80
Event: 61.274 Thread 0x00000165f5b2c2c0 DEOPT UNPACKING pc=0x00000165e7e33aa2 sp=0x0000004700dfec40 mode 2

Classes loaded (20 events):
Event: 59.091 Loading class java/util/stream/ReduceOps$4ReducingSink
Event: 59.092 Loading class java/util/stream/ReduceOps$4ReducingSink done
Event: 59.093 Loading class java/nio/file/Files$2
Event: 59.094 Loading class java/nio/file/Files$2 done
Event: 59.287 Loading class java/util/concurrent/ArrayBlockingQueue
Event: 59.289 Loading class java/util/concurrent/ArrayBlockingQueue done
Event: 59.440 Loading class java/util/concurrent/CompletableFuture$UniApply
Event: 59.440 Loading class java/util/concurrent/CompletableFuture$UniCompletion
Event: 59.440 Loading class java/util/concurrent/CompletableFuture$UniCompletion done
Event: 59.440 Loading class java/util/concurrent/CompletableFuture$UniApply done
Event: 59.442 Loading class java/util/concurrent/CompletableFuture$UniAccept
Event: 59.442 Loading class java/util/concurrent/CompletableFuture$UniAccept done
Event: 59.442 Loading class java/util/concurrent/CompletableFuture$UniExceptionally
Event: 59.442 Loading class java/util/concurrent/CompletableFuture$UniExceptionally done
Event: 59.693 Loading class java/util/Hashtable$ValueCollection
Event: 59.693 Loading class java/util/Hashtable$ValueCollection done
Event: 59.817 Loading class java/util/concurrent/ConcurrentHashMap$KeySpliterator
Event: 59.817 Loading class java/util/concurrent/ConcurrentHashMap$KeySpliterator done
Event: 59.998 Loading class java/io/SequenceInputStream
Event: 59.998 Loading class java/io/SequenceInputStream done

Classes unloaded (20 events):
Event: 18.093 Thread 0x00000165f4123630 Unloading class 0x00000165811b8400 'java/lang/invoke/LambdaForm$MH+0x00000165811b8400'
Event: 18.093 Thread 0x00000165f4123630 Unloading class 0x00000165811b8000 'java/lang/invoke/LambdaForm$BMH+0x00000165811b8000'
Event: 18.093 Thread 0x00000165f4123630 Unloading class 0x00000165811b7c00 'java/lang/invoke/LambdaForm$DMH+0x00000165811b7c00'
Event: 18.093 Thread 0x00000165f4123630 Unloading class 0x00000165811b6800 'java/lang/invoke/LambdaForm$DMH+0x00000165811b6800'
Event: 25.141 Thread 0x00000165f4123630 Unloading class 0x00000165812fa000 'java/lang/invoke/LambdaForm$MH+0x00000165812fa000'
Event: 25.141 Thread 0x00000165f4123630 Unloading class 0x00000165812f9400 'java/lang/invoke/LambdaForm$MH+0x00000165812f9400'
Event: 25.141 Thread 0x00000165f4123630 Unloading class 0x00000165812f8c00 'java/lang/invoke/LambdaForm$MH+0x00000165812f8c00'
Event: 25.141 Thread 0x00000165f4123630 Unloading class 0x00000165812f8400 'java/lang/invoke/LambdaForm$MH+0x00000165812f8400'
Event: 25.141 Thread 0x00000165f4123630 Unloading class 0x00000165812f8000 'java/lang/invoke/LambdaForm$DMH+0x00000165812f8000'
Event: 25.141 Thread 0x00000165f4123630 Unloading class 0x00000165812f7800 'java/lang/invoke/LambdaForm$MH+0x00000165812f7800'
Event: 25.141 Thread 0x00000165f4123630 Unloading class 0x00000165812f3000 'java/lang/invoke/LambdaForm$MH+0x00000165812f3000'
Event: 25.141 Thread 0x00000165f4123630 Unloading class 0x00000165812f2800 'java/lang/invoke/LambdaForm$MH+0x00000165812f2800'
Event: 25.141 Thread 0x00000165f4123630 Unloading class 0x00000165812f1c00 'java/lang/invoke/LambdaForm$MH+0x00000165812f1c00'
Event: 25.141 Thread 0x00000165f4123630 Unloading class 0x00000165812f1400 'java/lang/invoke/LambdaForm$MH+0x00000165812f1400'
Event: 25.141 Thread 0x00000165f4123630 Unloading class 0x00000165812f0c00 'java/lang/invoke/LambdaForm$MH+0x00000165812f0c00'
Event: 25.141 Thread 0x00000165f4123630 Unloading class 0x00000165812f0800 'java/lang/invoke/LambdaForm$MH+0x00000165812f0800'
Event: 54.719 Thread 0x00000165f4123630 Unloading class 0x0000016581691400 'java/lang/invoke/LambdaForm$DMH+0x0000016581691400'
Event: 54.719 Thread 0x00000165f4123630 Unloading class 0x0000016581690c00 'java/lang/invoke/LambdaForm$DMH+0x0000016581690c00'
Event: 54.719 Thread 0x00000165f4123630 Unloading class 0x0000016581691000 'java/lang/invoke/LambdaForm$DMH+0x0000016581691000'
Event: 54.719 Thread 0x00000165f4123630 Unloading class 0x0000016581690800 'java/lang/invoke/LambdaForm$DMH+0x0000016581690800'

Classes redefined (0 events):
No events

Internal exceptions (20 events):
Event: 57.933 Thread 0x00000165fd977cf0 Exception <a 'sun/nio/fs/WindowsException'{0x00000000d627ade8}> (0x00000000d627ade8) 
thrown [s\src\hotspot\share\prims\jni.cpp, line 520]
Event: 57.933 Thread 0x00000165fd977cf0 Exception <a 'sun/nio/fs/WindowsException'{0x00000000d627b8f0}> (0x00000000d627b8f0) 
thrown [s\src\hotspot\share\prims\jni.cpp, line 520]
Event: 57.960 Thread 0x00000165fd977cf0 Exception <a 'java/lang/NoSuchMethodError'{0x00000000d63adbf8}: 'int java.lang.invoke.DirectMethodHandle$Holder.invokeStatic(java.lang.Object)'> (0x00000000d63adbf8) 
thrown [s\src\hotspot\share\interpreter\linkResolver.cpp, line 773]
Event: 58.121 Thread 0x00000165fd977cf0 Exception <a 'sun/nio/fs/WindowsException'{0x00000000d5ba09e8}> (0x00000000d5ba09e8) 
thrown [s\src\hotspot\share\prims\jni.cpp, line 520]
Event: 58.671 Thread 0x00000165fd97a450 Exception <a 'java/lang/NoSuchMethodError'{0x00000000d5d0da78}: 'java.lang.Object java.lang.invoke.DirectMethodHandle$Holder.invokeStatic(java.lang.Object, int, java.lang.Object)'> (0x00000000d5d0da78) 
thrown [s\src\hotspot\share\interpreter\linkResolver.cpp, line 773]
Event: 59.010 Thread 0x00000165fd97a450 Exception <a 'sun/nio/fs/WindowsException'{0x00000000d5ab1480}> (0x00000000d5ab1480) 
thrown [s\src\hotspot\share\prims\jni.cpp, line 520]
Event: 59.712 Thread 0x00000165f5b2c2c0 Exception <a 'java/lang/NoSuchMethodError'{0x00000000d63607a0}: 'void java.lang.invoke.DirectMethodHandle$Holder.invokeStatic(java.lang.Object, int, java.lang.Object)'> (0x00000000d63607a0) 
thrown [s\src\hotspot\share\interpreter\linkResolver.cpp, line 773]
Event: 59.825 Thread 0x00000165fd977cf0 Exception <a 'java/lang/NoSuchMethodError'{0x00000000d5754d90}: 'java.lang.Object java.lang.invoke.DirectMethodHandle$Holder.newInvokeSpecial(java.lang.Object, java.lang.Object, int, int, java.lang.Object)'> (0x00000000d5754d90) 
thrown [s\src\hotspot\share\interpreter\linkResolver.cpp, line 773]
Event: 60.113 Thread 0x00000165fcdba6f0 Exception <a 'sun/nio/fs/WindowsException'{0x00000000d6050ed8}> (0x00000000d6050ed8) 
thrown [s\src\hotspot\share\prims\jni.cpp, line 520]
Event: 60.114 Thread 0x00000165fcdba6f0 Exception <a 'sun/nio/fs/WindowsException'{0x00000000d6051508}> (0x00000000d6051508) 
thrown [s\src\hotspot\share\prims\jni.cpp, line 520]
Event: 60.116 Thread 0x00000165fcdba6f0 Exception <a 'sun/nio/fs/WindowsException'{0x00000000d60688f0}> (0x00000000d60688f0) 
thrown [s\src\hotspot\share\prims\jni.cpp, line 520]
Event: 60.116 Thread 0x00000165fcdba6f0 Exception <a 'sun/nio/fs/WindowsException'{0x00000000d6068f20}> (0x00000000d6068f20) 
thrown [s\src\hotspot\share\prims\jni.cpp, line 520]
Event: 60.117 Thread 0x00000165fcdba6f0 Exception <a 'sun/nio/fs/WindowsException'{0x00000000d6069ba0}> (0x00000000d6069ba0) 
thrown [s\src\hotspot\share\prims\jni.cpp, line 520]
Event: 60.117 Thread 0x00000165fcdba6f0 Exception <a 'sun/nio/fs/WindowsException'{0x00000000d606a1d0}> (0x00000000d606a1d0) 
thrown [s\src\hotspot\share\prims\jni.cpp, line 520]
Event: 60.120 Thread 0x00000165fcdba6f0 Exception <a 'sun/nio/fs/WindowsException'{0x00000000d606ad58}> (0x00000000d606ad58) 
thrown [s\src\hotspot\share\prims\jni.cpp, line 520]
Event: 60.121 Thread 0x00000165fcdba6f0 Exception <a 'sun/nio/fs/WindowsException'{0x00000000d606b388}> (0x00000000d606b388) 
thrown [s\src\hotspot\share\prims\jni.cpp, line 520]
Event: 60.142 Thread 0x00000165fcdba6f0 Exception <a 'java/lang/IncompatibleClassChangeError'{0x00000000d61937f8}: Found class java.lang.Object, but interface was expected> (0x00000000d61937f8) 
thrown [s\src\hotspot\share\interpreter\linkResolver.cpp, line 840]
Event: 61.152 Thread 0x00000165fcdba6f0 Exception <a 'java/lang/IncompatibleClassChangeError'{0x00000000d61f6118}: Found class java.lang.Object, but interface was expected> (0x00000000d61f6118) 
thrown [s\src\hotspot\share\interpreter\linkResolver.cpp, line 840]
Event: 61.163 Thread 0x00000165fa742d70 Exception <a 'java/lang/NoSuchMethodError'{0x00000000d62b0250}: 'java.lang.Object java.lang.invoke.DirectMethodHandle$Holder.invokeSpecial(java.lang.Object, java.lang.Object, int, long)'> (0x00000000d62b0250) 
thrown [s\src\hotspot\share\interpreter\linkResolver.cpp, line 773]
Event: 61.178 Thread 0x00000165f5b2c2c0 Implicit null exception at 0x00000165e8a482c9 to 0x00000165e8a4831a

ZGC Phase Switch (0 events):
No events

VM Operations (20 events):
Event: 58.753 Executing non-safepoint VM operation: HandshakeAllThreads (Deoptimize)
Event: 58.754 Executing non-safepoint VM operation: HandshakeAllThreads (Deoptimize) done
Event: 58.884 Executing safepoint VM operation: ParallelGCFailedAllocation (Allocation Failure)
Event: 58.886 Executing safepoint VM operation: ParallelGCFailedAllocation (Allocation Failure) done
Event: 59.326 Executing safepoint VM operation: ParallelGCFailedAllocation (Allocation Failure)
Event: 59.330 Executing safepoint VM operation: ParallelGCFailedAllocation (Allocation Failure) done
Event: 59.559 Executing non-safepoint VM operation: HandshakeAllThreads (Deoptimize)
Event: 59.584 Executing non-safepoint VM operation: HandshakeAllThreads (Deoptimize) done
Event: 59.593 Executing non-safepoint VM operation: HandshakeAllThreads (Deoptimize)
Event: 59.593 Executing non-safepoint VM operation: HandshakeAllThreads (Deoptimize) done
Event: 59.734 Executing safepoint VM operation: ParallelGCFailedAllocation (Allocation Failure)
Event: 59.758 Executing safepoint VM operation: ParallelGCFailedAllocation (Allocation Failure) done
Event: 60.096 Executing non-safepoint VM operation: HandshakeAllThreads (HandshakeForDeflation)
Event: 60.100 Executing non-safepoint VM operation: HandshakeAllThreads (HandshakeForDeflation) done
Event: 60.101 Executing non-safepoint VM operation: RendezvousGCThreads
Event: 60.101 Executing non-safepoint VM operation: RendezvousGCThreads done
Event: 60.103 Executing safepoint VM operation: ICBufferFull
Event: 60.103 Executing safepoint VM operation: ICBufferFull done
Event: 61.213 Executing safepoint VM operation: ParallelGCFailedAllocation (Allocation Failure)
Event: 61.221 Executing safepoint VM operation: ParallelGCFailedAllocation (Allocation Failure) done

Memory protections (0 events):
No events

Nmethod flushes (20 events):
Event: 54.757 Thread 0x00000165f4123630 flushing  nmethod 0x00000165e12d1a90
Event: 54.757 Thread 0x00000165f4123630 flushing  nmethod 0x00000165e12f9690
Event: 54.757 Thread 0x00000165f4123630 flushing  nmethod 0x00000165e1300590
Event: 54.757 Thread 0x00000165f4123630 flushing  nmethod 0x00000165e1300a10
Event: 54.757 Thread 0x00000165f4123630 flushing  nmethod 0x00000165e1305310
Event: 54.757 Thread 0x00000165f4123630 flushing  nmethod 0x00000165e1306010
Event: 54.757 Thread 0x00000165f4123630 flushing  nmethod 0x00000165e1307310
Event: 54.757 Thread 0x00000165f4123630 flushing  nmethod 0x00000165e131f990
Event: 54.757 Thread 0x00000165f4123630 flushing  nmethod 0x00000165e1325e90
Event: 54.757 Thread 0x00000165f4123630 flushing  nmethod 0x00000165e1326a10
Event: 54.757 Thread 0x00000165f4123630 flushing  nmethod 0x00000165e1327490
Event: 54.757 Thread 0x00000165f4123630 flushing  nmethod 0x00000165e1355110
Event: 54.757 Thread 0x00000165f4123630 flushing  nmethod 0x00000165e1357190
Event: 54.757 Thread 0x00000165f4123630 flushing  nmethod 0x00000165e135ac90
Event: 54.757 Thread 0x00000165f4123630 flushing  nmethod 0x00000165e135bd90
Event: 54.757 Thread 0x00000165f4123630 flushing  nmethod 0x00000165e1365e90
Event: 54.757 Thread 0x00000165f4123630 flushing  nmethod 0x00000165e136c190
Event: 54.757 Thread 0x00000165f4123630 flushing  nmethod 0x00000165e1392610
Event: 54.757 Thread 0x00000165f4123630 flushing  nmethod 0x00000165e1395e10
Event: 54.757 Thread 0x00000165f4123630 flushing  nmethod 0x00000165e13aec90

Events (20 events):
Event: 58.192 Thread 0x00000165fd977cf0 Thread added: 0x00000165f5b28e40
Event: 58.192 Thread 0x00000165fd977cf0 Thread added: 0x00000165f5b29b60
Event: 58.192 Thread 0x00000165fd977cf0 Thread added: 0x00000165f5b287b0
Event: 58.192 Thread 0x00000165fd977cf0 Thread added: 0x00000165f5b2f0b0
Event: 58.316 Thread 0x00000165f412efc0 Thread added: 0x00000165f41490f0
Event: 58.405 Thread 0x00000165f4147c80 Thread added: 0x00000165f41497c0
Event: 59.290 Thread 0x00000165fd977cf0 Thread added: 0x00000165f5b2c2c0
Event: 59.441 Thread 0x00000165fcdba6f0 Thread added: 0x00000165f5b2f740
Event: 59.825 Thread 0x00000165fd977cf0 Thread added: 0x00000165f5b2ea20
Event: 59.949 Thread 0x00000165fd977cf0 Thread added: 0x00000165f5b2d670
Event: 60.033 Thread 0x00000165fd977cf0 Thread added: 0x00000165fcdbbaa0
Event: 60.041 Thread 0x00000165fd977cf0 Thread added: 0x00000165fcdbc130
Event: 60.085 Thread 0x00000165fd977cf0 Thread added: 0x00000165fcdb8cb0
Event: 60.130 Thread 0x00000165fcdba6f0 Thread added: 0x00000165fcdbc7c0
Event: 60.131 Thread 0x00000165fcdbc7c0 Thread added: 0x00000165fcdbce50
Event: 60.131 Thread 0x00000165fcdbce50 Thread added: 0x00000165fcdbdb70
Event: 60.135 Thread 0x00000165fcdbdb70 Thread added: 0x00000165fcdbd4e0
Event: 60.138 Thread 0x00000165fcdbd4e0 Thread added: 0x00000165fd97aae0
Event: 61.147 Thread 0x00000165fd97aae0 Thread added: 0x00000165fa41e310
Event: 61.298 Thread 0x00000165fd977cf0 Thread added: 0x00000165fa41c240


Dynamic libraries:
0x00007ff7c7540000 - 0x00007ff7c754e000 	c:\Users\DIANA\.vscode\extensions\redhat.java-1.55.0-win32-x64\jre\21.0.11-win32-x86_64\bin\java.exe
0x00007ff904f80000 - 0x00007ff9051e6000 	C:\WINDOWS\SYSTEM32\ntdll.dll
0x00007ff904140000 - 0x00007ff904209000 	C:\WINDOWS\System32\KERNEL32.DLL
0x00007ff9025b0000 - 0x00007ff9029aa000 	C:\WINDOWS\System32\KERNELBASE.dll
0x00007ff902a70000 - 0x00007ff902bbc000 	C:\WINDOWS\System32\ucrtbase.dll
0x00007ff8fa900000 - 0x00007ff8fa91e000 	c:\Users\DIANA\.vscode\extensions\redhat.java-1.55.0-win32-x64\jre\21.0.11-win32-x86_64\bin\VCRUNTIME140.dll
0x00007ff8fb020000 - 0x00007ff8fb038000 	c:\Users\DIANA\.vscode\extensions\redhat.java-1.55.0-win32-x64\jre\21.0.11-win32-x86_64\bin\jli.dll
0x00007ff903f70000 - 0x00007ff904137000 	C:\WINDOWS\System32\USER32.dll
0x00007ff9022c0000 - 0x00007ff9022e7000 	C:\WINDOWS\System32\win32u.dll
0x00007ff902df0000 - 0x00007ff902e1b000 	C:\WINDOWS\System32\GDI32.dll
0x00007ff902bc0000 - 0x00007ff902ceb000 	C:\WINDOWS\System32\gdi32full.dll
0x00007ff902210000 - 0x00007ff9022b3000 	C:\WINDOWS\System32\msvcp_win.dll
0x00007ff8e84b0000 - 0x00007ff8e8742000 	C:\WINDOWS\WinSxS\amd64_microsoft.windows.common-controls_6595b64144ccf1df_6.0.26100.8521_none_3e08b75ce33403b3\COMCTL32.dll
0x00007ff903570000 - 0x00007ff903619000 	C:\WINDOWS\System32\msvcrt.dll
0x00007ff904e70000 - 0x00007ff904ea2000 	C:\WINDOWS\System32\IMM32.DLL
0x00007ff8fa8d0000 - 0x00007ff8fa8dc000 	c:\Users\DIANA\.vscode\extensions\redhat.java-1.55.0-win32-x64\jre\21.0.11-win32-x86_64\bin\vcruntime140_1.dll
0x00007ff8a57a0000 - 0x00007ff8a582d000 	c:\Users\DIANA\.vscode\extensions\redhat.java-1.55.0-win32-x64\jre\21.0.11-win32-x86_64\bin\msvcp140.dll
0x00007ffffa5f0000 - 0x00007ffffb392000 	c:\Users\DIANA\.vscode\extensions\redhat.java-1.55.0-win32-x64\jre\21.0.11-win32-x86_64\bin\server\jvm.dll
0x00007ff904cd0000 - 0x00007ff904d86000 	C:\WINDOWS\System32\ADVAPI32.dll
0x00007ff9034a0000 - 0x00007ff90354a000 	C:\WINDOWS\System32\sechost.dll
0x00007ff904b50000 - 0x00007ff904c68000 	C:\WINDOWS\System32\RPCRT4.dll
0x00007ff9042a0000 - 0x00007ff904320000 	C:\WINDOWS\System32\WS2_32.dll
0x00007ff8fb060000 - 0x00007ff8fb06b000 	C:\WINDOWS\SYSTEM32\VERSION.dll
0x00007ff8f0420000 - 0x00007ff8f0456000 	C:\WINDOWS\SYSTEM32\WINMM.dll
0x00007ff902070000 - 0x00007ff9020ce000 	C:\WINDOWS\SYSTEM32\POWRPROF.dll
0x00007ff902050000 - 0x00007ff902064000 	C:\WINDOWS\SYSTEM32\UMPDC.dll
0x00007ff900f70000 - 0x00007ff900f8b000 	C:\WINDOWS\SYSTEM32\kernel.appcore.dll
0x00007ff8f94d0000 - 0x00007ff8f94da000 	c:\Users\DIANA\.vscode\extensions\redhat.java-1.55.0-win32-x64\jre\21.0.11-win32-x86_64\bin\jimage.dll
0x00007ff8ffa70000 - 0x00007ff8ffcb2000 	C:\WINDOWS\SYSTEM32\DBGHELP.DLL
0x00007ff9047c0000 - 0x00007ff904b43000 	C:\WINDOWS\System32\combase.dll
0x00007ff904d90000 - 0x00007ff904e69000 	C:\WINDOWS\System32\OLEAUT32.dll
0x00007ff8cb880000 - 0x00007ff8cb8bb000 	C:\WINDOWS\SYSTEM32\dbgcore.DLL
0x00007ff9022f0000 - 0x00007ff902398000 	C:\WINDOWS\System32\bcryptPrimitives.dll
0x00007ff8f94c0000 - 0x00007ff8f94cf000 	c:\Users\DIANA\.vscode\extensions\redhat.java-1.55.0-win32-x64\jre\21.0.11-win32-x86_64\bin\instrument.dll
0x00007ff8df7e0000 - 0x00007ff8df800000 	c:\Users\DIANA\.vscode\extensions\redhat.java-1.55.0-win32-x64\jre\21.0.11-win32-x86_64\bin\java.dll
0x00007ff903620000 - 0x00007ff903da4000 	C:\WINDOWS\System32\SHELL32.dll
0x00007ff8ffdb0000 - 0x00007ff900630000 	C:\WINDOWS\SYSTEM32\windows.storage.dll
0x00007ff902cf0000 - 0x00007ff902de6000 	C:\WINDOWS\System32\SHCORE.dll
0x00007ff903250000 - 0x00007ff9032b7000 	C:\WINDOWS\System32\shlwapi.dll
0x00007ff902130000 - 0x00007ff902159000 	C:\WINDOWS\SYSTEM32\profapi.dll
0x00007ff8df7c0000 - 0x00007ff8df7d8000 	c:\Users\DIANA\.vscode\extensions\redhat.java-1.55.0-win32-x64\jre\21.0.11-win32-x86_64\bin\zip.dll
0x00007ff8f94b0000 - 0x00007ff8f94c0000 	C:\Users\DIANA\.vscode\extensions\redhat.java-1.55.0-win32-x64\jre\21.0.11-win32-x86_64\bin\net.dll
0x00007ff8f9c80000 - 0x00007ff8f9da9000 	C:\WINDOWS\SYSTEM32\WINHTTP.dll
0x00007ff901510000 - 0x00007ff90157c000 	C:\WINDOWS\system32\mswsock.dll
0x00007ff8cbb30000 - 0x00007ff8cbb46000 	C:\Users\DIANA\.vscode\extensions\redhat.java-1.55.0-win32-x64\jre\21.0.11-win32-x86_64\bin\nio.dll
0x00007ff8f9420000 - 0x00007ff8f9430000 	c:\Users\DIANA\.vscode\extensions\redhat.java-1.55.0-win32-x64\jre\21.0.11-win32-x86_64\bin\verify.dll
0x00007ff8a1d40000 - 0x00007ff8a1d85000 	C:\Users\DIANA\AppData\Roaming\Code\User\globalStorage\redhat.java\1.55.0\config_win\org.eclipse.equinox.launcher\org.eclipse.equinox.launcher.win32.win32.x86_64_1.3.100.v20260613-0559\eclipse_11924.dll
0x00007ff9032c0000 - 0x00007ff903458000 	C:\WINDOWS\System32\ole32.dll
0x00007ff8dfe10000 - 0x00007ff8dfe1a000 	C:\Users\DIANA\.vscode\extensions\redhat.java-1.55.0-win32-x64\jre\21.0.11-win32-x86_64\bin\management.dll
0x00007ff8d5f50000 - 0x00007ff8d5f5c000 	C:\Users\DIANA\.vscode\extensions\redhat.java-1.55.0-win32-x64\jre\21.0.11-win32-x86_64\bin\management_ext.dll
0x00007ff903460000 - 0x00007ff903468000 	C:\WINDOWS\System32\PSAPI.DLL
0x00007ff901800000 - 0x00007ff90181b000 	C:\WINDOWS\SYSTEM32\CRYPTSP.dll
0x00007ff900ed0000 - 0x00007ff900f09000 	C:\WINDOWS\system32\rsaenh.dll
0x00007ff9015c0000 - 0x00007ff9015f3000 	C:\WINDOWS\SYSTEM32\USERENV.dll
0x00007ff902100000 - 0x00007ff90212a000 	C:\WINDOWS\SYSTEM32\bcrypt.dll
0x00007ff9017f0000 - 0x00007ff9017fc000 	C:\WINDOWS\SYSTEM32\CRYPTBASE.dll
0x00007ff900940000 - 0x00007ff900973000 	C:\WINDOWS\SYSTEM32\IPHLPAPI.DLL
0x00007ff904f30000 - 0x00007ff904f3a000 	C:\WINDOWS\System32\NSI.dll
0x00007ff87e0b0000 - 0x00007ff87e0f9000 	C:\Users\DIANA\AppData\Local\Temp\jna-65039119\jna3887940180017088787.dll
0x00007ff8fb070000 - 0x00007ff8fb08d000 	C:\WINDOWS\SYSTEM32\dhcpcsvc6.DLL
0x00007ff8f9800000 - 0x00007ff8f9825000 	C:\WINDOWS\SYSTEM32\dhcpcsvc.DLL
0x00007ff8c92b0000 - 0x00007ff8c92be000 	C:\Users\DIANA\.vscode\extensions\redhat.java-1.55.0-win32-x64\jre\21.0.11-win32-x86_64\bin\sunmscapi.dll
0x00007ff9023a0000 - 0x00007ff902518000 	C:\WINDOWS\System32\CRYPT32.dll
0x00007ff901a10000 - 0x00007ff901a40000 	C:\WINDOWS\SYSTEM32\ncrypt.dll
0x00007ff9019c0000 - 0x00007ff9019ff000 	C:\WINDOWS\SYSTEM32\NTASN1.dll
0x00007ff9009d0000 - 0x00007ff900b1a000 	C:\WINDOWS\SYSTEM32\DNSAPI.dll
0x00007ff9012f0000 - 0x00007ff9012fd000 	C:\WINDOWS\SYSTEM32\DSPARSE.dll
0x00007ff8f10f0000 - 0x00007ff8f10fb000 	C:\Windows\System32\rasadhlp.dll
0x00007ff8f4910000 - 0x00007ff8f4996000 	C:\WINDOWS\System32\fwpuclnt.dll
0x00007ff8bce00000 - 0x00007ff8bce09000 	C:\Users\DIANA\.vscode\extensions\redhat.java-1.55.0-win32-x64\jre\21.0.11-win32-x86_64\bin\extnet.dll

JVMTI agents:
c:\Users\DIANA\.vscode\extensions\redhat.java-1.55.0-win32-x64\lombok\lombok-1.18.39-4050.jar path:c:\Users\DIANA\.vscode\extensions\redhat.java-1.55.0-win32-x64\jre\21.0.11-win32-x86_64\bin\instrument.dll, loaded, initialized, instrumentlib options:none

dbghelp: loaded successfully - version: 4.0.5 - missing functions: none
symbol engine: initialized successfully - sym options: 0x614 - pdb path: .;c:\Users\DIANA\.vscode\extensions\redhat.java-1.55.0-win32-x64\jre\21.0.11-win32-x86_64\bin;C:\WINDOWS\SYSTEM32;C:\WINDOWS\WinSxS\amd64_microsoft.windows.common-controls_6595b64144ccf1df_6.0.26100.8521_none_3e08b75ce33403b3;c:\Users\DIANA\.vscode\extensions\redhat.java-1.55.0-win32-x64\jre\21.0.11-win32-x86_64\bin\server;C:\Users\DIANA\AppData\Roaming\Code\User\globalStorage\redhat.java\1.55.0\config_win\org.eclipse.equinox.launcher\org.eclipse.equinox.launcher.win32.win32.x86_64_1.3.100.v20260613-0559;C:\Users\DIANA\AppData\Local\Temp\jna-65039119

VM Arguments:
jvm_args: --add-modules=ALL-SYSTEM --add-opens=java.base/java.util=ALL-UNNAMED --add-opens=java.base/java.lang=ALL-UNNAMED --add-opens=java.base/sun.nio.fs=ALL-UNNAMED -Declipse.application=org.eclipse.jdt.ls.core.id1 -Dosgi.bundles.defaultStartLevel=4 -Declipse.product=org.eclipse.jdt.ls.core.product -Djava.import.generatesMetadataFilesAtProjectRoot=false -DDetectVMInstallationsJob.disabled=true -Dfile.encoding=utf8 -XX:+UseParallelGC -XX:GCTimeRatio=4 -XX:AdaptiveSizePolicyWeight=90 -Dsun.zip.disableMemoryMapping=true -Xmx2G -Xms100m -Xlog:disable -javaagent:c:\Users\DIANA\.vscode\extensions\redhat.java-1.55.0-win32-x64\lombok\lombok-1.18.39-4050.jar -XX:+HeapDumpOnOutOfMemoryError -XX:HeapDumpPath=c:\Users\DIANA\AppData\Roaming\Code\User\workspaceStorage\b08fb6969b861e2cac226a1d842a8148\redhat.java -Daether.dependencyCollector.impl=bf 
java_command: c:\Users\DIANA\.vscode\extensions\redhat.java-1.55.0-win32-x64\server\plugins\org.eclipse.equinox.launcher_1.7.200.v20260619-2039.jar -configuration c:\Users\DIANA\AppData\Roaming\Code\User\globalStorage\redhat.java\1.55.0\config_win -data c:\Users\DIANA\AppData\Roaming\Code\User\workspaceStorage\b08fb6969b861e2cac226a1d842a8148\redhat.java\jdt_ws --pipe=\\.\pipe\lsp-bac40028d0cb844c3839c2d238ae12c8-sock
java_class_path (initial): c:\Users\DIANA\.vscode\extensions\redhat.java-1.55.0-win32-x64\server\plugins\org.eclipse.equinox.launcher_1.7.200.v20260619-2039.jar
Launcher Type: SUN_STANDARD

[Global flags]
    uintx AdaptiveSizePolicyWeight                 = 90                                        {product} {command line}
     intx CICompilerCount                          = 4                                         {product} {ergonomic}
    uintx GCTimeRatio                              = 4                                         {product} {command line}
     bool HeapDumpOnOutOfMemoryError               = true                                   {manageable} {command line}
    ccstr HeapDumpPath                             = c:\Users\DIANA\AppData\Roaming\Code\User\workspaceStorage\b08fb6969b861e2cac226a1d842a8148\redhat.java         {manageable} {command line}
   size_t InitialHeapSize                          = 104857600                                 {product} {command line}
   size_t MaxHeapSize                              = 2147483648                                {product} {command line}
   size_t MaxNewSize                               = 715653120                                 {product} {ergonomic}
   size_t MinHeapDeltaBytes                        = 524288                                    {product} {ergonomic}
   size_t MinHeapSize                              = 104857600                                 {product} {command line}
   size_t NewSize                                  = 34603008                                  {product} {ergonomic}
    uintx NonNMethodCodeHeapSize                   = 5839372                                {pd product} {ergonomic}
    uintx NonProfiledCodeHeapSize                  = 122909434                              {pd product} {ergonomic}
   size_t OldSize                                  = 70254592                                  {product} {ergonomic}
    uintx ProfiledCodeHeapSize                     = 122909434                              {pd product} {ergonomic}
    uintx ReservedCodeCacheSize                    = 251658240                              {pd product} {ergonomic}
     bool SegmentedCodeCache                       = true                                      {product} {ergonomic}
   size_t SoftMaxHeapSize                          = 2147483648                             {manageable} {ergonomic}
     bool UseCompressedOops                        = true                           {product lp64_product} {ergonomic}
     bool UseLargePagesIndividualAllocation        = false                                  {pd product} {ergonomic}
     bool UseParallelGC                            = true                                      {product} {command line}

Logging:
Log output configuration:
 #0: stdout all=off uptime,level,tags foldmultilines=false
 #1: stderr all=off uptime,level,tags foldmultilines=false

Release file:
JAVA_VERSION="21.0.11" 
MODULES="java.base java.compiler java.datatransfer java.xml java.prefs java.desktop java.instrument java.logging java.management java.security.sasl java.naming java.rmi java.management.rmi java.net.http java.scripting java.security.jgss java.transaction.xa java.sql java.sql.rowset java.xml.crypto java.se java.smartcardio jdk.accessibility jdk.internal.jvmstat jdk.attach jdk.charsets jdk.internal.opt jdk.zipfs jdk.compiler jdk.crypto.ec jdk.crypto.cryptoki jdk.crypto.mscapi jdk.dynalink jdk.internal.ed jdk.editpad jdk.hotspot.agent jdk.httpserver jdk.internal.le jdk.internal.vm.ci jdk.internal.vm.compiler jdk.internal.vm.compiler.management jdk.jartool jdk.javadoc jdk.jcmd jdk.management jdk.management.agent jdk.jconsole jdk.jdeps jdk.jdwp.agent jdk.jdi jdk.jfr jdk.jshell jdk.jsobject jdk.jstatd jdk.localedata jdk.management.jfr jdk.naming.dns jdk.naming.rmi jdk.net jdk.nio.mapmode jdk.random jdk.sctp jdk.security.auth jdk.security.jgss jdk.unsupported jdk.unsupported.desktop jdk.xml.dom" 

Environment Variables:
JAVA_HOME=C:\Program Files\Java\jdk-20
PATH=C:\Program Files\Common Files\Oracle\Java\javapath;C:\Program Files (x86)\Common Files\Oracle\Java\javapath;C:\Windows\system32;C:\Windows;C:\Windows\System32\Wbem;C:\Windows\System32\WindowsPowerShell\v1.0\;C:\Windows\System32\OpenSSH\;C:\Program Files (x86)\NVIDIA Corporation\PhysX\Common;C:\Program Files\NVIDIA Corporation\NVIDIA NvDLISR;C:\WINDOWS\system32;C:\WINDOWS;C:\WINDOWS\System32\Wbem;C:\WINDOWS\System32\WindowsPowerShell\v1.0\;C:\WINDOWS\System32\OpenSSH\;C:\Program Files\dotnet\;C:\Program Files (x86)\Microsoft SQL Server\160\Tools\Binn\;C:\Program Files\Microsoft SQL Server\160\Tools\Binn\;C:\Program Files\Microsoft SQL Server\Client SDK\ODBC\170\Tools\Binn\;C:\Program Files\Microsoft SQL Server\160\DTS\Binn\;C:\Program Files (x86)\Microsoft SQL Server\160\DTS\Binn\;C:\Program Files\Microsoft SQL Server\150\Tools\Binn\;C:\Program Files\Microsoft SQL Server\130\DTS\Binn\;C:\Program Files\Microsoft SQL Server\140\DTS\Binn\;C:\Program Files\Microsoft SQL Server\150\DTS\Binn\;C:\Program Files\Microsoft SQL Server\170\DTS\Binn\;C:\Program Files\Cloudflare\Cloudflare WARP\;C:\dart-sdk\bin;C:\dev\flutter\bin;C:\Program Files\Java\jdk-20\bin;C:\apache-maven-3.9.16\bin;C:\Program Files\Git\cmd;C:\Users\DIANA\.local\bin;C:\Users\DIANA\AppData\Local\Microsoft\WindowsApps;C:\Users\DIANA\AppData\Local\Muse Hub\lib;C:\Users\DIANA\AppData\Local\Programs\Microsoft VS Code\bin
USERNAME=DIANA
OS=Windows_NT
PROCESSOR_IDENTIFIER=Intel64 Family 6 Model 165 Stepping 2, GenuineIntel
TMP=C:\Users\DIANA\AppData\Local\Temp
TEMP=C:\Users\DIANA\AppData\Local\Temp




Periodic native trim disabled

---------------  S Y S T E M  ---------------

OS:
 Windows 11 , 64 bit Build 26100 (10.0.26100.8521)
OS uptime: 18 days 2:09 hours
Hyper-V role detected

CPU: total 8 (initial active 8) (4 cores per cpu, 2 threads per core) family 6 model 165 stepping 2 microcode 0xe0, cx8, cmov, fxsr, ht, mmx, 3dnowpref, sse, sse2, sse3, ssse3, sse4.1, sse4.2, popcnt, lzcnt, tsc, tscinvbit, avx, avx2, aes, erms, clmul, bmi1, bmi2, adx, fma, vzeroupper, clflush, clflushopt, hv, rdtscp, f16c
Processor Information for the first 8 processors :
  Max Mhz: 2496, Current Mhz: 2496, Mhz Limit: 2496

Memory: 4k page, system-wide physical 8029M (2496M free)
TotalPageFile size 16184M (AvailPageFile size 21M)
current process WorkingSet (physical memory assigned to process): 122M, peak: 224M
current process commit charge ("private bytes"): 384M, peak: 399M

vm_info: OpenJDK 64-Bit Server VM (21.0.11+10-LTS) for windows-amd64 JRE (21.0.11+10-LTS), built on 2026-04-21T00:00:00Z by "admin" with MS VC++ 17.12 (VS2022)

END.
