#
# There is insufficient memory for the Java Runtime Environment to continue.
# Native memory allocation (malloc) failed to allocate 32744 bytes. Error detail: Chunk::new
# Possible reasons:
#   The system is out of physical RAM or swap space
#   This process is running with CompressedOops enabled, and the Java Heap may be blocking the growth of the native heap
# Possible solutions:
#   Reduce memory load on the system
#   Increase physical memory or swap space
#   Check if swap backing store is full
#   Decrease Java heap size (-Xmx/-Xms)
#   Decrease number of Java threads
#   Decrease Java thread stack sizes (-Xss)
#   Set larger code cache with -XX:ReservedCodeCacheSize=
#   JVM is running with Unscaled Compressed Oops mode in which the Java heap is
#     placed in the first 4GB address space. The Java Heap base address is the
#     maximum limit for the native heap growth. Please use -XX:HeapBaseMinAddress
#     to set the Java Heap base and to place the Java Heap above 4GB virtual address.
# This output file may be truncated or incomplete.
#
#  Out of Memory Error (arena.cpp:168), pid=8220, tid=38412
#
# JRE version: OpenJDK Runtime Environment Temurin-21.0.11+10 (21.0.11+10) (build 21.0.11+10-LTS)
# Java VM: OpenJDK 64-Bit Server VM Temurin-21.0.11+10 (21.0.11+10-LTS, mixed mode, sharing, tiered, compressed oops, compressed class ptrs, parallel gc, windows-amd64)
# No core dump will be written. Minidumps are not enabled by default on client versions of Windows
#

---------------  S U M M A R Y ------------

Command Line: --add-modules=ALL-SYSTEM --add-opens=java.base/java.util=ALL-UNNAMED --add-opens=java.base/java.lang=ALL-UNNAMED --add-opens=java.base/sun.nio.fs=ALL-UNNAMED -Declipse.application=org.eclipse.jdt.ls.core.id1 -Dosgi.bundles.defaultStartLevel=4 -Declipse.product=org.eclipse.jdt.ls.core.product -Djava.import.generatesMetadataFilesAtProjectRoot=false -DDetectVMInstallationsJob.disabled=true -Dfile.encoding=utf8 -XX:+UseParallelGC -XX:GCTimeRatio=4 -XX:AdaptiveSizePolicyWeight=90 -Dsun.zip.disableMemoryMapping=true -Xmx2G -Xms100m -Xlog:disable -javaagent:c:\Users\DIANA\.vscode\extensions\redhat.java-1.55.0-win32-x64\lombok\lombok-1.18.39-4050.jar -XX:+HeapDumpOnOutOfMemoryError -XX:HeapDumpPath=c:\Users\DIANA\AppData\Roaming\Code\User\workspaceStorage\b08fb6969b861e2cac226a1d842a8148\redhat.java -Daether.dependencyCollector.impl=bf c:\Users\DIANA\.vscode\extensions\redhat.java-1.55.0-win32-x64\server\plugins\org.eclipse.equinox.launcher_1.7.200.v20260619-2039.jar -configuration c:\Users\DIANA\AppData\Roaming\Code\User\globalStorage\redhat.java\1.55.0\config_win -data c:\Users\DIANA\AppData\Roaming\Code\User\workspaceStorage\b08fb6969b861e2cac226a1d842a8148\redhat.java\jdt_ws --pipe=\\.\pipe\lsp-3a6c07a1ab8d774ccd0b2f3d96f2a234-sock

Host: Intel(R) Core(TM) i5-10300H CPU @ 2.50GHz, 8 cores, 7G,  Windows 11 , 64 bit Build 26100 (10.0.26100.8521)
Time: Tue Jun 30 22:56:47 2026 Hora est. Pac璗ico, Sudam廨ica elapsed time: 10.633256 seconds (0d 0h 0m 10s)

---------------  T H R E A D  ---------------

Current thread (0x0000023dcc571300):  JavaThread "C2 CompilerThread0" daemon [_thread_in_native, id=38412, stack(0x000000b23d400000,0x000000b23d500000) (1024K)]


Current CompileTask:
C2:10633 1730       4       org.eclipse.osgi.internal.util.Tokenizer::getToken (123 bytes)

Stack: [0x000000b23d400000,0x000000b23d500000]
Native frames: (J=compiled Java code, j=interpreted, Vv=VM code, C=native code)
V  [jvm.dll+0x6d7e19]
V  [jvm.dll+0x8b5096]
V  [jvm.dll+0x8b764e]
V  [jvm.dll+0x8b7d33]
V  [jvm.dll+0x284596]
V  [jvm.dll+0xc685d]
V  [jvm.dll+0xc6da1]
V  [jvm.dll+0x60ce5d]
V  [jvm.dll+0x5f4373]
V  [jvm.dll+0x5f864b]
V  [jvm.dll+0x5f7d7d]
V  [jvm.dll+0x5f7c60]
V  [jvm.dll+0x5f7de0]
V  [jvm.dll+0x5f7de0]
V  [jvm.dll+0x5f7de0]
V  [jvm.dll+0x5ff162]
V  [jvm.dll+0x255d67]
V  [jvm.dll+0x25612d]
V  [jvm.dll+0x24e6a0]
V  [jvm.dll+0x24bbe6]
V  [jvm.dll+0x1cb4ae]
V  [jvm.dll+0x25baad]
V  [jvm.dll+0x25a03a]
V  [jvm.dll+0x3f868e]
V  [jvm.dll+0x85fb0d]
V  [jvm.dll+0x6d664d]
C  [ucrtbase.dll+0x2cd30]
C  [KERNEL32.DLL+0x2e957]
C  [ntdll.dll+0x87c1c]


---------------  P R O C E S S  ---------------

Threads class SMR info:
_java_thread_list=0x0000023de4b2b370, length=22, elements={
0x0000023dcc5dc6d0, 0x0000023dcc699d20, 0x0000023dcc69ac40, 0x0000023dcc557dd0,
0x0000023dcc558a30, 0x0000023dcc55ca90, 0x0000023dcc55e9b0, 0x0000023dcc571300,
0x0000023de48308e0, 0x0000023de4a96ac0, 0x0000023de4ad8eb0, 0x0000023de99788c0,
0x0000023de9779290, 0x0000023de977bd40, 0x0000023de97761c0, 0x0000023de9776830,
0x0000023de977c3b0, 0x0000023de95c7290, 0x0000023de98118e0, 0x0000023de959fa90,
0x0000023de95a0100, 0x0000023de4a99a90
}

Java Threads: ( => current thread )
  0x0000023dcc5dc6d0 JavaThread "main"                              [_thread_in_native, id=32192, stack(0x000000b23ca00000,0x000000b23cb00000) (1024K)]
  0x0000023dcc699d20 JavaThread "Reference Handler"          daemon [_thread_blocked, id=15188, stack(0x000000b23ce00000,0x000000b23cf00000) (1024K)]
  0x0000023dcc69ac40 JavaThread "Finalizer"                  daemon [_thread_blocked, id=18680, stack(0x000000b23cf00000,0x000000b23d000000) (1024K)]
  0x0000023dcc557dd0 JavaThread "Signal Dispatcher"          daemon [_thread_blocked, id=30388, stack(0x000000b23d000000,0x000000b23d100000) (1024K)]
  0x0000023dcc558a30 JavaThread "Attach Listener"            daemon [_thread_blocked, id=16700, stack(0x000000b23d100000,0x000000b23d200000) (1024K)]
  0x0000023dcc55ca90 JavaThread "Service Thread"             daemon [_thread_blocked, id=22640, stack(0x000000b23d200000,0x000000b23d300000) (1024K)]
  0x0000023dcc55e9b0 JavaThread "Monitor Deflation Thread"   daemon [_thread_blocked, id=13036, stack(0x000000b23d300000,0x000000b23d400000) (1024K)]
=>0x0000023dcc571300 JavaThread "C2 CompilerThread0"         daemon [_thread_in_native, id=38412, stack(0x000000b23d400000,0x000000b23d500000) (1024K)]
  0x0000023de48308e0 JavaThread "C1 CompilerThread0"         daemon [_thread_blocked, id=39140, stack(0x000000b23d500000,0x000000b23d600000) (1024K)]
  0x0000023de4a96ac0 JavaThread "Common-Cleaner"             daemon [_thread_blocked, id=24484, stack(0x000000b23d700000,0x000000b23d800000) (1024K)]
  0x0000023de4ad8eb0 JavaThread "Notification Thread"        daemon [_thread_blocked, id=36084, stack(0x000000b23d600000,0x000000b23d700000) (1024K)]
  0x0000023de99788c0 JavaThread "Equinox resolver thread - Equinox Container: ee5905c4-e0de-4ea8-940c-403303f6c6f2" daemon [_thread_blocked, id=29028, stack(0x000000b23df00000,0x000000b23e000000) (1024K)]
  0x0000023de9779290 JavaThread "Equinox resolver thread - Equinox Container: ee5905c4-e0de-4ea8-940c-403303f6c6f2" daemon [_thread_blocked, id=1080, stack(0x000000b23e000000,0x000000b23e100000) (1024K)]
  0x0000023de977bd40 JavaThread "Equinox resolver thread - Equinox Container: ee5905c4-e0de-4ea8-940c-403303f6c6f2" daemon [_thread_blocked, id=21904, stack(0x000000b23e100000,0x000000b23e200000) (1024K)]
  0x0000023de97761c0 JavaThread "Equinox resolver thread - Equinox Container: ee5905c4-e0de-4ea8-940c-403303f6c6f2" daemon [_thread_blocked, id=17304, stack(0x000000b23e200000,0x000000b23e300000) (1024K)]
  0x0000023de9776830 JavaThread "Equinox resolver thread - Equinox Container: ee5905c4-e0de-4ea8-940c-403303f6c6f2" daemon [_thread_blocked, id=25224, stack(0x000000b23e300000,0x000000b23e400000) (1024K)]
  0x0000023de977c3b0 JavaThread "Equinox resolver thread - Equinox Container: ee5905c4-e0de-4ea8-940c-403303f6c6f2" daemon [_thread_blocked, id=17864, stack(0x000000b23e400000,0x000000b23e500000) (1024K)]
  0x0000023de95c7290 JavaThread "Active Thread: Equinox Container: ee5905c4-e0de-4ea8-940c-403303f6c6f2"        [_thread_blocked, id=26260, stack(0x000000b23e500000,0x000000b23e600000) (1024K)]
  0x0000023de98118e0 JavaThread "Framework Event Dispatcher: Equinox Container: ee5905c4-e0de-4ea8-940c-403303f6c6f2" daemon [_thread_blocked, id=36348, stack(0x000000b23d800000,0x000000b23d900000) (1024K)]
  0x0000023de959fa90 JavaThread "Start Level: Equinox Container: ee5905c4-e0de-4ea8-940c-403303f6c6f2" daemon [_thread_blocked, id=6628, stack(0x000000b23e600000,0x000000b23e700000) (1024K)]
  0x0000023de95a0100 JavaThread "C2 CompilerThread1"         daemon [_thread_in_native, id=13404, stack(0x000000b23e800000,0x000000b23e900000) (1024K)]
  0x0000023de4a99a90 JavaThread "C2 CompilerThread2"         daemon [_thread_in_native, id=2120, stack(0x000000b23e900000,0x000000b23ea00000) (1024K)]
Total: 22

Other Threads:
  0x0000023dcc553630 VMThread "VM Thread"                           [id=16216, stack(0x000000b23cd00000,0x000000b23ce00000) (1024K)]
  0x0000023dcc46ca10 WatcherThread "VM Periodic Task Thread"        [id=1856, stack(0x000000b23cc00000,0x000000b23cd00000) (1024K)]
  0x0000023dcc5faae0 WorkerThread "GC Thread#0"                     [id=2996, stack(0x000000b23cb00000,0x000000b23cc00000) (1024K)]
  0x0000023de92b53e0 WorkerThread "GC Thread#1"                     [id=35568, stack(0x000000b23d900000,0x000000b23da00000) (1024K)]
  0x0000023de4bb97b0 WorkerThread "GC Thread#2"                     [id=19900, stack(0x000000b23da00000,0x000000b23db00000) (1024K)]
  0x0000023de976c630 WorkerThread "GC Thread#3"                     [id=2544, stack(0x000000b23db00000,0x000000b23dc00000) (1024K)]
  0x0000023de9252840 WorkerThread "GC Thread#4"                     [id=7820, stack(0x000000b23dc00000,0x000000b23dd00000) (1024K)]
  0x0000023de9252bf0 WorkerThread "GC Thread#5"                     [id=34376, stack(0x000000b23dd00000,0x000000b23de00000) (1024K)]
  0x0000023de9763010 WorkerThread "GC Thread#6"                     [id=1016, stack(0x000000b23de00000,0x000000b23df00000) (1024K)]
  0x0000023de48318a0 WorkerThread "GC Thread#7"                     [id=11192, stack(0x000000b23e700000,0x000000b23e800000) (1024K)]
Total: 10

Threads with active compile tasks:
C2 CompilerThread0  10713 1730       4       org.eclipse.osgi.internal.util.Tokenizer::getToken (123 bytes)
C2 CompilerThread1  10713 1776   !   4       java.util.zip.ZipFile$Source::checkAndAddEntry (295 bytes)
C2 CompilerThread2  10713 1743       4       org.eclipse.osgi.internal.util.Tokenizer::getString (174 bytes)
Total: 3

VM state: not at safepoint (normal execution)

VM Mutex/Monitor currently owned by a thread: None

Heap address: 0x0000000080000000, size: 2048 MB, Compressed Oops mode: 32-bit

CDS archive(s) mapped at: [0x0000023d80000000-0x0000023d80ba0000-0x0000023d80ba0000), size 12189696, SharedBaseAddress: 0x0000023d80000000, ArchiveRelocationMode: 1.
Compressed class space mapped at: 0x0000023d81000000-0x0000023dc1000000, reserved size: 1073741824
Narrow klass base: 0x0000023d80000000, Narrow klass shift: 0, Narrow klass range: 0x100000000

GC Precious Log:
 CardTable entry size: 512
 CPUs: 8 total, 8 available
 Memory: 8029M
 Large Page Support: Disabled
 NUMA Support: Disabled
 Compressed Oops: Enabled (32-bit)
 Alignments: Space 512K, Generation 512K, Heap 2M
 Heap Min Capacity: 100M
 Heap Initial Capacity: 100M
 Heap Max Capacity: 2G
 Pre-touch: Disabled
 Parallel Workers: 8

Heap:
 PSYoungGen      total 29696K, used 8529K [0x00000000d5580000, 0x00000000d7680000, 0x0000000100000000)
  eden space 25600K, 17% used [0x00000000d5580000,0x00000000d59d59e0,0x00000000d6e80000)
  from space 4096K, 99% used [0x00000000d7280000,0x00000000d767ebc0,0x00000000d7680000)
  to   space 4096K, 0% used [0x00000000d6e80000,0x00000000d6e80000,0x00000000d7280000)
 ParOldGen       total 68608K, used 105K [0x0000000080000000, 0x0000000084300000, 0x00000000d5580000)
  object space 68608K, 0% used [0x0000000080000000,0x000000008001a688,0x0000000084300000)
 Metaspace       used 8453K, committed 8768K, reserved 1114112K
  class space    used 892K, committed 1024K, reserved 1048576K

Card table byte_map: [0x0000023dcbf80000,0x0000023dcc390000] _byte_map_base: 0x0000023dcbb80000

Marking Bits: (ParMarkBitMap*) 0x00007fffea434460
 Begin Bits: [0x0000023ddea90000, 0x0000023de0a90000)
 End Bits:   [0x0000023de0a90000, 0x0000023de2a90000)

Polling page: 0x0000023dca360000

Metaspace:

Usage:
  Non-class:      7.38 MB used.
      Class:    892.35 KB used.
       Both:      8.25 MB used.

Virtual space:
  Non-class space:       64.00 MB reserved,       7.56 MB ( 12%) committed,  1 nodes.
      Class space:        1.00 GB reserved,       1.00 MB ( <1%) committed,  1 nodes.
             Both:        1.06 GB reserved,       8.56 MB ( <1%) committed. 

Chunk freelists:
   Non-Class:  8.05 MB
       Class:  14.88 MB
        Both:  22.93 MB

MaxMetaspaceSize: unlimited
CompressedClassSpaceSize: 1.00 GB
Initial GC threshold: 21.00 MB
Current GC threshold: 21.00 MB
CDS: on
 - commit_granule_bytes: 65536.
 - commit_granule_words: 8192.
 - virtual_space_node_default_size: 8388608.
 - enlarge_chunks_in_place: 1.
 - use_allocation_guard: 0.


Internal statistics:

num_allocs_failed_limit: 0.
num_arena_births: 224.
num_arena_deaths: 0.
num_vsnodes_births: 2.
num_vsnodes_deaths: 0.
num_space_committed: 137.
num_space_uncommitted: 0.
num_chunks_returned_to_freelist: 0.
num_chunks_taken_from_freelist: 424.
num_chunk_merges: 0.
num_chunk_splits: 277.
num_chunks_enlarged: 187.
num_inconsistent_stats: 0.

CodeHeap 'non-profiled nmethods': size=120000Kb used=745Kb max_used=745Kb free=119254Kb
 bounds [0x0000023dd72b0000, 0x0000023dd7520000, 0x0000023dde7e0000]
CodeHeap 'profiled nmethods': size=120000Kb used=3407Kb max_used=3407Kb free=116592Kb
 bounds [0x0000023dcf7e0000, 0x0000023dcfb40000, 0x0000023dd6d10000]
CodeHeap 'non-nmethods': size=5760Kb used=1211Kb max_used=1236Kb free=4548Kb
 bounds [0x0000023dd6d10000, 0x0000023dd6f80000, 0x0000023dd72b0000]
CodeCache: size=245760Kb, used=5363Kb, max_used=5388Kb, free=240394Kb
 total_blobs=2282, nmethods=1805, adapters=384, full_count=0
Compilation: enabled, stopped_count=0, restarted_count=0

Compilation events (20 events):
Event: 8.605 Thread 0x0000023de48308e0 nmethod 1732 0x0000023dcfafc810 code [0x0000023dcfafc9e0, 0x0000023dcfafcdf8]
Event: 8.605 Thread 0x0000023de48308e0 1733       3       org.eclipse.osgi.internal.container.NamespaceList$Builder$2::<init> (10 bytes)
Event: 8.605 Thread 0x0000023de48308e0 nmethod 1733 0x0000023dcfafcf90 code [0x0000023dcfafd140, 0x0000023dcfafd2c8]
Event: 8.605 Thread 0x0000023de48308e0 1735   !   3       org.osgi.framework.Version::parseInt (45 bytes)
Event: 8.606 Thread 0x0000023de48308e0 nmethod 1735 0x0000023dcfafd390 code [0x0000023dcfafd600, 0x0000023dcfafddd0]
Event: 8.606 Thread 0x0000023de48308e0 1738       3       java.util.HashMap$HashIterator::<init> (79 bytes)
Event: 8.606 Thread 0x0000023de48308e0 nmethod 1738 0x0000023dcfafe190 code [0x0000023dcfafe340, 0x0000023dcfafe680]
Event: 8.606 Thread 0x0000023de48308e0 1734       3       org.eclipse.osgi.internal.container.NamespaceList$Builder::prepareModification (43 bytes)
Event: 8.606 Thread 0x0000023de48308e0 nmethod 1734 0x0000023dcfafe810 code [0x0000023dcfafea00, 0x0000023dcfafeeb8]
Event: 8.606 Thread 0x0000023de48308e0 1736       3       java.util.LinkedHashMap::afterNodeAccess (266 bytes)
Event: 8.607 Thread 0x0000023de48308e0 nmethod 1736 0x0000023dcfaff090 code [0x0000023dcfaff280, 0x0000023dcfaffa70]
Event: 8.607 Thread 0x0000023de48308e0 1737       3       org.eclipse.osgi.internal.container.NamespaceList$Builder::add (42 bytes)
Event: 8.607 Thread 0x0000023de48308e0 nmethod 1737 0x0000023dcfaffc10 code [0x0000023dcfaffe00, 0x0000023dcfb00238]
Event: 8.607 Thread 0x0000023de48308e0 1739       1       org.eclipse.osgi.framework.eventmgr.CopyOnWriteIdentityMap::entries (5 bytes)
Event: 8.607 Thread 0x0000023de48308e0 nmethod 1739 0x0000023dd7362690 code [0x0000023dd7362820, 0x0000023dd73628e8]
Event: 8.611 Thread 0x0000023de48308e0 1740       3       org.eclipse.osgi.util.ManifestElement::getTableValues (64 bytes)
Event: 8.611 Thread 0x0000023de48308e0 nmethod 1740 0x0000023dcfb00390 code [0x0000023dcfb005c0, 0x0000023dcfb010a0]
Event: 8.611 Thread 0x0000023de48308e0 1741       3       org.eclipse.osgi.framework.util.CaseInsensitiveDictionaryMap::keyWrap (35 bytes)
Event: 8.612 Thread 0x0000023de48308e0 nmethod 1741 0x0000023dcfb01290 code [0x0000023dcfb01480, 0x0000023dcfb01ad0]
Event: 8.612 Thread 0x0000023de48308e0 1742       3       org.eclipse.osgi.framework.util.CaseInsensitiveDictionaryMap::findCommonKeyIndex (930 bytes)

GC Heap History (4 events):
Event: 1.637 GC heap before
{Heap before GC invocations=1 (full 0):
 PSYoungGen      total 29696K, used 25600K [0x00000000d5580000, 0x00000000d7680000, 0x0000000100000000)
  eden space 25600K, 100% used [0x00000000d5580000,0x00000000d6e80000,0x00000000d6e80000)
  from space 4096K, 0% used [0x00000000d7280000,0x00000000d7280000,0x00000000d7680000)
  to   space 4096K, 0% used [0x00000000d6e80000,0x00000000d6e80000,0x00000000d7280000)
 ParOldGen       total 68608K, used 0K [0x0000000080000000, 0x0000000084300000, 0x00000000d5580000)
  object space 68608K, 0% used [0x0000000080000000,0x0000000080000000,0x0000000084300000)
 Metaspace       used 4517K, committed 4736K, reserved 1114112K
  class space    used 493K, committed 576K, reserved 1048576K
}
Event: 1.647 GC heap after
{Heap after GC invocations=1 (full 0):
 PSYoungGen      total 29696K, used 3287K [0x00000000d5580000, 0x00000000d7680000, 0x0000000100000000)
  eden space 25600K, 0% used [0x00000000d5580000,0x00000000d5580000,0x00000000d6e80000)
  from space 4096K, 80% used [0x00000000d6e80000,0x00000000d71b5ea8,0x00000000d7280000)
  to   space 4096K, 0% used [0x00000000d7280000,0x00000000d7280000,0x00000000d7680000)
 ParOldGen       total 68608K, used 16K [0x0000000080000000, 0x0000000084300000, 0x00000000d5580000)
  object space 68608K, 0% used [0x0000000080000000,0x0000000080004000,0x0000000084300000)
 Metaspace       used 4517K, committed 4736K, reserved 1114112K
  class space    used 493K, committed 576K, reserved 1048576K
}
Event: 8.596 GC heap before
{Heap before GC invocations=2 (full 0):
 PSYoungGen      total 29696K, used 28887K [0x00000000d5580000, 0x00000000d7680000, 0x0000000100000000)
  eden space 25600K, 100% used [0x00000000d5580000,0x00000000d6e80000,0x00000000d6e80000)
  from space 4096K, 80% used [0x00000000d6e80000,0x00000000d71b5ea8,0x00000000d7280000)
  to   space 4096K, 0% used [0x00000000d7280000,0x00000000d7280000,0x00000000d7680000)
 ParOldGen       total 68608K, used 16K [0x0000000080000000, 0x0000000084300000, 0x00000000d5580000)
  object space 68608K, 0% used [0x0000000080000000,0x0000000080004000,0x0000000084300000)
 Metaspace       used 8378K, committed 8704K, reserved 1114112K
  class space    used 891K, committed 1024K, reserved 1048576K
}
Event: 8.603 GC heap after
{Heap after GC invocations=2 (full 0):
 PSYoungGen      total 29696K, used 4090K [0x00000000d5580000, 0x00000000d7680000, 0x0000000100000000)
  eden space 25600K, 0% used [0x00000000d5580000,0x00000000d5580000,0x00000000d6e80000)
  from space 4096K, 99% used [0x00000000d7280000,0x00000000d767ebc0,0x00000000d7680000)
  to   space 4096K, 0% used [0x00000000d6e80000,0x00000000d6e80000,0x00000000d7280000)
 ParOldGen       total 68608K, used 105K [0x0000000080000000, 0x0000000084300000, 0x00000000d5580000)
  object space 68608K, 0% used [0x0000000080000000,0x000000008001a688,0x0000000084300000)
 Metaspace       used 8378K, committed 8704K, reserved 1114112K
  class space    used 891K, committed 1024K, reserved 1048576K
}

Dll operation events (8 events):
Event: 0.144 Loaded shared library c:\Users\DIANA\.vscode\extensions\redhat.java-1.55.0-win32-x64\jre\21.0.11-win32-x86_64\bin\java.dll
Event: 0.327 Loaded shared library c:\Users\DIANA\.vscode\extensions\redhat.java-1.55.0-win32-x64\jre\21.0.11-win32-x86_64\bin\zip.dll
Event: 0.372 Loaded shared library C:\Users\DIANA\.vscode\extensions\redhat.java-1.55.0-win32-x64\jre\21.0.11-win32-x86_64\bin\instrument.dll
Event: 0.382 Loaded shared library C:\Users\DIANA\.vscode\extensions\redhat.java-1.55.0-win32-x64\jre\21.0.11-win32-x86_64\bin\net.dll
Event: 0.407 Loaded shared library C:\Users\DIANA\.vscode\extensions\redhat.java-1.55.0-win32-x64\jre\21.0.11-win32-x86_64\bin\nio.dll
Event: 0.412 Loaded shared library C:\Users\DIANA\.vscode\extensions\redhat.java-1.55.0-win32-x64\jre\21.0.11-win32-x86_64\bin\zip.dll
Event: 0.456 Loaded shared library C:\Users\DIANA\.vscode\extensions\redhat.java-1.55.0-win32-x64\jre\21.0.11-win32-x86_64\bin\jimage.dll
Event: 0.674 Loaded shared library c:\Users\DIANA\.vscode\extensions\redhat.java-1.55.0-win32-x64\jre\21.0.11-win32-x86_64\bin\verify.dll

Deoptimization events (20 events):
Event: 2.182 Thread 0x0000023dcc5dc6d0 DEOPT PACKING pc=0x0000023dd73311e0 sp=0x000000b23cafe960
Event: 2.182 Thread 0x0000023dcc5dc6d0 DEOPT UNPACKING pc=0x0000023dd6d63aa2 sp=0x000000b23cafe8f0 mode 2
Event: 2.230 Thread 0x0000023dcc5dc6d0 Uncommon trap: trap_request=0xffffffde fr.pc=0x0000023dd7320bc8 relative=0x0000000000000968
Event: 2.230 Thread 0x0000023dcc5dc6d0 Uncommon trap: reason=class_check action=maybe_recompile pc=0x0000023dd7320bc8 method=java.util.HashMap.putVal(ILjava/lang/Object;Ljava/lang/Object;ZZ)Ljava/lang/Object; @ 253 c2
Event: 2.230 Thread 0x0000023dcc5dc6d0 DEOPT PACKING pc=0x0000023dd7320bc8 sp=0x000000b23cafe4c0
Event: 2.230 Thread 0x0000023dcc5dc6d0 DEOPT UNPACKING pc=0x0000023dd6d63aa2 sp=0x000000b23cafe450 mode 2
Event: 2.232 Thread 0x0000023dcc5dc6d0 Uncommon trap: trap_request=0xffffffde fr.pc=0x0000023dd7320bc8 relative=0x0000000000000968
Event: 2.232 Thread 0x0000023dcc5dc6d0 Uncommon trap: reason=class_check action=maybe_recompile pc=0x0000023dd7320bc8 method=java.util.HashMap.putVal(ILjava/lang/Object;Ljava/lang/Object;ZZ)Ljava/lang/Object; @ 253 c2
Event: 2.232 Thread 0x0000023dcc5dc6d0 DEOPT PACKING pc=0x0000023dd7320bc8 sp=0x000000b23cafe4c0
Event: 2.232 Thread 0x0000023dcc5dc6d0 DEOPT UNPACKING pc=0x0000023dd6d63aa2 sp=0x000000b23cafe450 mode 2
Event: 3.683 Thread 0x0000023dcc5dc6d0 DEOPT PACKING pc=0x0000023dcf995dc3 sp=0x000000b23cafea20
Event: 3.683 Thread 0x0000023dcc5dc6d0 DEOPT UNPACKING pc=0x0000023dd6d64242 sp=0x000000b23cafde98 mode 0
Event: 8.584 Thread 0x0000023dcc5dc6d0 Uncommon trap: trap_request=0xffffff45 fr.pc=0x0000023dd7331bb8 relative=0x0000000000000098
Event: 8.584 Thread 0x0000023dcc5dc6d0 Uncommon trap: reason=unstable_if action=reinterpret pc=0x0000023dd7331bb8 method=java.io.BufferedInputStream.getBufIfOpen(Z)[B @ 13 c2
Event: 8.584 Thread 0x0000023dcc5dc6d0 DEOPT PACKING pc=0x0000023dd7331bb8 sp=0x000000b23cafe8d0
Event: 8.584 Thread 0x0000023dcc5dc6d0 DEOPT UNPACKING pc=0x0000023dd6d63aa2 sp=0x000000b23cafe850 mode 2
Event: 8.586 Thread 0x0000023dcc5dc6d0 Uncommon trap: trap_request=0xffffff45 fr.pc=0x0000023dd72e3b74 relative=0x00000000000002d4
Event: 8.586 Thread 0x0000023dcc5dc6d0 Uncommon trap: reason=unstable_if action=reinterpret pc=0x0000023dd72e3b74 method=java.util.HashMap$HashIterator.<init>(Ljava/util/HashMap;)V @ 45 c2
Event: 8.586 Thread 0x0000023dcc5dc6d0 DEOPT PACKING pc=0x0000023dd72e3b74 sp=0x000000b23cafea00
Event: 8.586 Thread 0x0000023dcc5dc6d0 DEOPT UNPACKING pc=0x0000023dd6d63aa2 sp=0x000000b23cafe998 mode 2

Classes loaded (20 events):
Event: 2.244 Loading class java/net/UrlDeserializedState
Event: 2.245 Loading class java/net/UrlDeserializedState done
Event: 2.245 Loading class java/lang/reflect/InaccessibleObjectException
Event: 2.245 Loading class java/lang/reflect/InaccessibleObjectException done
Event: 2.248 Loading class sun/awt/www/content/MultimediaContentHandlers
Event: 2.249 Loading class sun/awt/www/content/MultimediaContentHandlers done
Event: 2.251 Loading class java/lang/StackWalker$Option
Event: 2.251 Loading class java/lang/StackWalker$Option done
Event: 2.271 Loading class javax/xml/parsers/ParserConfigurationException
Event: 2.271 Loading class javax/xml/parsers/ParserConfigurationException done
Event: 2.274 Loading class java/security/KeyStoreException
Event: 2.274 Loading class java/security/KeyStoreException done
Event: 2.278 Loading class java/lang/Thread$Builder$OfPlatform
Event: 2.278 Loading class java/lang/Thread$Builder
Event: 2.278 Loading class java/lang/Thread$Builder done
Event: 2.278 Loading class java/lang/Thread$Builder$OfPlatform done
Event: 2.278 Loading class java/lang/Thread$Builder$OfVirtual
Event: 2.278 Loading class java/lang/Thread$Builder$OfVirtual done
Event: 8.591 Loading class java/util/MissingResourceException
Event: 8.592 Loading class java/util/MissingResourceException done

Classes unloaded (0 events):
No events

Classes redefined (0 events):
No events

Internal exceptions (20 events):
Event: 1.575 Thread 0x0000023dcc5dc6d0 Exception <a 'java/lang/NoSuchMethodError'{0x00000000d6ab19f8}: 'java.lang.ClassLoader java.lang.ClassLoader.getPlatformClassLoader(java.lang.Class)'> (0x00000000d6ab19f8) 
thrown [s\src\hotspot\share\interpreter\linkResolver.cpp, line 773]
Event: 1.655 Thread 0x0000023dcc5dc6d0 Exception <a 'java/lang/ClassNotFoundException'{0x00000000d55cdcd0}: sun/net/www/protocol/c/Handler> (0x00000000d55cdcd0) 
thrown [s\src\hotspot\share\classfile\systemDictionary.cpp, line 313]
Event: 1.655 Thread 0x0000023dcc5dc6d0 Exception <a 'java/lang/ClassNotFoundException'{0x00000000d55cf0b8}: sun/net/www/protocol/c/Handler> (0x00000000d55cf0b8) 
thrown [s\src\hotspot\share\classfile\systemDictionary.cpp, line 313]
Event: 1.655 Thread 0x0000023dcc5dc6d0 Exception <a 'java/lang/ClassNotFoundException'{0x00000000d55d0318}: sun/net/www/protocol/c/Handler> (0x00000000d55d0318) 
thrown [s\src\hotspot\share\classfile\systemDictionary.cpp, line 313]
Event: 1.664 Thread 0x0000023dcc5dc6d0 Exception <a 'java/io/FileNotFoundException'{0x00000000d55f9598}> (0x00000000d55f9598) 
thrown [s\src\hotspot\share\prims\jni.cpp, line 520]
Event: 1.700 Thread 0x0000023dcc5dc6d0 Implicit null exception at 0x0000023dd730d249 to 0x0000023dd730dc14
Event: 1.700 Thread 0x0000023dcc5dc6d0 Implicit null exception at 0x0000023dd731e69a to 0x0000023dd731e8bc
Event: 1.700 Thread 0x0000023dcc5dc6d0 Exception <a 'java/lang/NoSuchMethodError'{0x00000000d572cfd0}: 'void java.lang.invoke.DirectMethodHandle$Holder.invokeStatic(java.lang.Object, java.lang.Object, java.lang.Object, java.lang.Object)'> (0x00000000d572cfd0) 
thrown [s\src\hotspot\share\interpreter\linkResolver.cpp, line 773]
Event: 1.703 Thread 0x0000023dcc5dc6d0 Implicit null exception at 0x0000023dd7311540 to 0x0000023dd7311814
Event: 1.703 Thread 0x0000023dcc5dc6d0 Implicit null exception at 0x0000023dd73219c0 to 0x0000023dd7321a45
Event: 1.830 Thread 0x0000023dcc5dc6d0 Exception <a 'java/lang/NoSuchMethodError'{0x00000000d5b70ff8}: 'int java.lang.invoke.DirectMethodHandle$Holder.invokeVirtual(java.lang.Object, java.lang.Object)'> (0x00000000d5b70ff8) 
thrown [s\src\hotspot\share\interpreter\linkResolver.cpp, line 773]
Event: 2.137 Thread 0x0000023dcc5dc6d0 Exception <a 'java/lang/IncompatibleClassChangeError'{0x00000000d653fff0}: Found class java.lang.Object, but interface was expected> (0x00000000d653fff0) 
thrown [s\src\hotspot\share\interpreter\linkResolver.cpp, line 840]
Event: 2.139 Thread 0x0000023dcc5dc6d0 Exception <a 'java/lang/NoSuchMethodError'{0x00000000d6648d68}: 'void java.lang.invoke.DirectMethodHandle$Holder.invokeInterface(java.lang.Object, java.lang.Object, java.lang.Object)'> (0x00000000d6648d68) 
thrown [s\src\hotspot\share\interpreter\linkResolver.cpp, line 773]
Event: 2.168 Thread 0x0000023dcc5dc6d0 Exception <a 'java/lang/NoSuchMethodError'{0x00000000d67bc740}: 'int java.lang.invoke.DirectMethodHandle$Holder.invokeStaticInit(java.lang.Object, java.lang.Object, java.lang.Object, java.lang.Object)'> (0x00000000d67bc740) 
thrown [s\src\hotspot\share\interpreter\linkResolver.cpp, line 773]
Event: 2.169 Thread 0x0000023dcc5dc6d0 Exception <a 'java/lang/NoSuchMethodError'{0x00000000d67c6ff0}: 'void java.lang.invoke.DirectMethodHandle$Holder.invokeStaticInit(java.lang.Object, java.lang.Object)'> (0x00000000d67c6ff0) 
thrown [s\src\hotspot\share\interpreter\linkResolver.cpp, line 773]
Event: 2.170 Thread 0x0000023dcc5dc6d0 Exception <a 'java/lang/NoSuchMethodError'{0x00000000d67cc4b0}: 'int java.lang.invoke.DirectMethodHandle$Holder.invokeStaticInit(java.lang.Object, java.lang.Object)'> (0x00000000d67cc4b0) 
thrown [s\src\hotspot\share\interpreter\linkResolver.cpp, line 773]
Event: 2.218 Thread 0x0000023dcc5dc6d0 Exception <a 'java/lang/NoSuchMethodError'{0x00000000d69b5e30}: 'java.lang.Object java.lang.invoke.DirectMethodHandle$Holder.newInvokeSpecial(java.lang.Object, int, java.lang.Object)'> (0x00000000d69b5e30) 
thrown [s\src\hotspot\share\interpreter\linkResolver.cpp, line 773]
Event: 2.253 Thread 0x0000023dcc5dc6d0 Exception <a 'java/lang/ClassNotFoundException'{0x00000000d6b39438}: sun/net/www/protocol/plurl/Handler> (0x00000000d6b39438) 
thrown [s\src\hotspot\share\classfile\systemDictionary.cpp, line 313]
Event: 2.253 Thread 0x0000023dcc5dc6d0 Exception <a 'java/lang/ClassNotFoundException'{0x00000000d6b3a2b8}: sun/net/www/protocol/plurl/Handler> (0x00000000d6b3a2b8) 
thrown [s\src\hotspot\share\classfile\systemDictionary.cpp, line 313]
Event: 2.257 Thread 0x0000023dcc5dc6d0 Exception <a 'java/lang/NoSuchMethodError'{0x00000000d6b7a0b0}: 'void java.lang.invoke.DirectMethodHandle$Holder.invokeSpecial(java.lang.Object, java.lang.Object, java.lang.Object)'> (0x00000000d6b7a0b0) 
thrown [s\src\hotspot\share\interpreter\linkResolver.cpp, line 773]

ZGC Phase Switch (0 events):
No events

VM Operations (20 events):
Event: 1.098 Executing non-safepoint VM operation: HandshakeAllThreads (Deoptimize)
Event: 1.098 Executing non-safepoint VM operation: HandshakeAllThreads (Deoptimize) done
Event: 1.122 Executing non-safepoint VM operation: HandshakeAllThreads (Deoptimize)
Event: 1.122 Executing non-safepoint VM operation: HandshakeAllThreads (Deoptimize) done
Event: 1.614 Executing safepoint VM operation: ICBufferFull
Event: 1.614 Executing safepoint VM operation: ICBufferFull done
Event: 1.626 Executing non-safepoint VM operation: HandshakeAllThreads (Deoptimize)
Event: 1.626 Executing non-safepoint VM operation: HandshakeAllThreads (Deoptimize) done
Event: 1.637 Executing safepoint VM operation: ParallelGCFailedAllocation (Allocation Failure)
Event: 1.647 Executing safepoint VM operation: ParallelGCFailedAllocation (Allocation Failure) done
Event: 2.195 Executing non-safepoint VM operation: HandshakeAllThreads (Deoptimize)
Event: 2.195 Executing non-safepoint VM operation: HandshakeAllThreads (Deoptimize) done
Event: 2.246 Executing non-safepoint VM operation: HandshakeAllThreads (Deoptimize)
Event: 2.246 Executing non-safepoint VM operation: HandshakeAllThreads (Deoptimize) done
Event: 3.256 Executing safepoint VM operation: Cleanup
Event: 3.256 Executing safepoint VM operation: Cleanup done
Event: 8.595 Executing safepoint VM operation: ParallelGCFailedAllocation (Allocation Failure)
Event: 8.603 Executing safepoint VM operation: ParallelGCFailedAllocation (Allocation Failure) done
Event: 9.616 Executing safepoint VM operation: Cleanup
Event: 9.616 Executing safepoint VM operation: Cleanup done

Memory protections (0 events):
No events

Nmethod flushes (0 events):
No events

Events (20 events):
Event: 0.276 Thread 0x0000023dcc5dc6d0 Thread added: 0x0000023dcc55e9b0
Event: 0.277 Thread 0x0000023dcc5dc6d0 Thread added: 0x0000023dcc571300
Event: 0.277 Thread 0x0000023dcc5dc6d0 Thread added: 0x0000023de48308e0
Event: 0.342 Thread 0x0000023de48308e0 Thread added: 0x0000023de4952690
Event: 0.374 Thread 0x0000023dcc5dc6d0 Thread added: 0x0000023de4a96ac0
Event: 0.698 Thread 0x0000023de4952690 Thread exited: 0x0000023de4952690
Event: 0.835 Thread 0x0000023dcc5dc6d0 Thread added: 0x0000023de4ad8eb0
Event: 0.994 Thread 0x0000023de48308e0 Thread added: 0x0000023de4b2cfc0
Event: 0.995 Thread 0x0000023de48308e0 Thread added: 0x0000023de4b2b540
Event: 1.421 Thread 0x0000023de4b2b540 Thread exited: 0x0000023de4b2b540
Event: 2.121 Thread 0x0000023dcc5dc6d0 Thread added: 0x0000023de99788c0
Event: 2.122 Thread 0x0000023de99788c0 Thread added: 0x0000023de9779290
Event: 2.127 Thread 0x0000023dcc5dc6d0 Thread added: 0x0000023de977bd40
Event: 2.129 Thread 0x0000023dcc5dc6d0 Thread added: 0x0000023de97761c0
Event: 2.131 Thread 0x0000023dcc5dc6d0 Thread added: 0x0000023de9776830
Event: 2.134 Thread 0x0000023dcc5dc6d0 Thread added: 0x0000023de977c3b0
Event: 2.180 Thread 0x0000023dcc5dc6d0 Thread added: 0x0000023de95c7290
Event: 2.337 Thread 0x0000023de4b2cfc0 Thread exited: 0x0000023de4b2cfc0
Event: 8.590 Thread 0x0000023dcc5dc6d0 Thread added: 0x0000023de98118e0
Event: 8.592 Thread 0x0000023dcc5dc6d0 Thread added: 0x0000023de959fa90


Dynamic libraries:
0x00007ff70a8d0000 - 0x00007ff70a8de000 	c:\Users\DIANA\.vscode\extensions\redhat.java-1.55.0-win32-x64\jre\21.0.11-win32-x86_64\bin\java.exe
0x00007ff904f80000 - 0x00007ff9051e6000 	C:\WINDOWS\SYSTEM32\ntdll.dll
0x00007ff904140000 - 0x00007ff904209000 	C:\WINDOWS\System32\KERNEL32.DLL
0x00007ff9025b0000 - 0x00007ff9029aa000 	C:\WINDOWS\System32\KERNELBASE.dll
0x00007ff902a70000 - 0x00007ff902bbc000 	C:\WINDOWS\System32\ucrtbase.dll
0x00007ff8fa900000 - 0x00007ff8fa918000 	c:\Users\DIANA\.vscode\extensions\redhat.java-1.55.0-win32-x64\jre\21.0.11-win32-x86_64\bin\jli.dll
0x00007ff8fb020000 - 0x00007ff8fb03e000 	c:\Users\DIANA\.vscode\extensions\redhat.java-1.55.0-win32-x64\jre\21.0.11-win32-x86_64\bin\VCRUNTIME140.dll
0x00007ff903f70000 - 0x00007ff904137000 	C:\WINDOWS\System32\USER32.dll
0x00007ff9022c0000 - 0x00007ff9022e7000 	C:\WINDOWS\System32\win32u.dll
0x00007ff902df0000 - 0x00007ff902e1b000 	C:\WINDOWS\System32\GDI32.dll
0x00007ff8e84b0000 - 0x00007ff8e8742000 	C:\WINDOWS\WinSxS\amd64_microsoft.windows.common-controls_6595b64144ccf1df_6.0.26100.8521_none_3e08b75ce33403b3\COMCTL32.dll
0x00007ff903570000 - 0x00007ff903619000 	C:\WINDOWS\System32\msvcrt.dll
0x00007ff902bc0000 - 0x00007ff902ceb000 	C:\WINDOWS\System32\gdi32full.dll
0x00007ff902210000 - 0x00007ff9022b3000 	C:\WINDOWS\System32\msvcp_win.dll
0x00007ff904e70000 - 0x00007ff904ea2000 	C:\WINDOWS\System32\IMM32.DLL
0x00007ff8fd0a0000 - 0x00007ff8fd0ac000 	c:\Users\DIANA\.vscode\extensions\redhat.java-1.55.0-win32-x64\jre\21.0.11-win32-x86_64\bin\vcruntime140_1.dll
0x00007ff8a57a0000 - 0x00007ff8a582d000 	c:\Users\DIANA\.vscode\extensions\redhat.java-1.55.0-win32-x64\jre\21.0.11-win32-x86_64\bin\msvcp140.dll
0x00007fffe9770000 - 0x00007fffea512000 	c:\Users\DIANA\.vscode\extensions\redhat.java-1.55.0-win32-x64\jre\21.0.11-win32-x86_64\bin\server\jvm.dll
0x00007ff904cd0000 - 0x00007ff904d86000 	C:\WINDOWS\System32\ADVAPI32.dll
0x00007ff9034a0000 - 0x00007ff90354a000 	C:\WINDOWS\System32\sechost.dll
0x00007ff904b50000 - 0x00007ff904c68000 	C:\WINDOWS\System32\RPCRT4.dll
0x00007ff9042a0000 - 0x00007ff904320000 	C:\WINDOWS\System32\WS2_32.dll
0x00007ff902070000 - 0x00007ff9020ce000 	C:\WINDOWS\SYSTEM32\POWRPROF.dll
0x00007ff8f0420000 - 0x00007ff8f0456000 	C:\WINDOWS\SYSTEM32\WINMM.dll
0x00007ff8fb060000 - 0x00007ff8fb06b000 	C:\WINDOWS\SYSTEM32\VERSION.dll
0x00007ff902050000 - 0x00007ff902064000 	C:\WINDOWS\SYSTEM32\UMPDC.dll
0x00007ff900f70000 - 0x00007ff900f8b000 	C:\WINDOWS\SYSTEM32\kernel.appcore.dll
0x00007ff8fd090000 - 0x00007ff8fd09a000 	c:\Users\DIANA\.vscode\extensions\redhat.java-1.55.0-win32-x64\jre\21.0.11-win32-x86_64\bin\jimage.dll
0x00007ff8ffa70000 - 0x00007ff8ffcb2000 	C:\WINDOWS\SYSTEM32\DBGHELP.DLL
0x00007ff9047c0000 - 0x00007ff904b43000 	C:\WINDOWS\System32\combase.dll
0x00007ff904d90000 - 0x00007ff904e69000 	C:\WINDOWS\System32\OLEAUT32.dll
0x00007ff8cb880000 - 0x00007ff8cb8bb000 	C:\WINDOWS\SYSTEM32\dbgcore.DLL
0x00007ff9022f0000 - 0x00007ff902398000 	C:\WINDOWS\System32\bcryptPrimitives.dll
0x00007ff8fd080000 - 0x00007ff8fd08f000 	c:\Users\DIANA\.vscode\extensions\redhat.java-1.55.0-win32-x64\jre\21.0.11-win32-x86_64\bin\instrument.dll
0x00007ff8df7e0000 - 0x00007ff8df800000 	c:\Users\DIANA\.vscode\extensions\redhat.java-1.55.0-win32-x64\jre\21.0.11-win32-x86_64\bin\java.dll
0x00007ff903620000 - 0x00007ff903da4000 	C:\WINDOWS\System32\SHELL32.dll
0x00007ff8ffdb0000 - 0x00007ff900630000 	C:\WINDOWS\SYSTEM32\windows.storage.dll
0x00007ff902cf0000 - 0x00007ff902de6000 	C:\WINDOWS\System32\SHCORE.dll
0x00007ff903250000 - 0x00007ff9032b7000 	C:\WINDOWS\System32\shlwapi.dll
0x00007ff902130000 - 0x00007ff902159000 	C:\WINDOWS\SYSTEM32\profapi.dll
0x00007ff8f94c0000 - 0x00007ff8f94d8000 	c:\Users\DIANA\.vscode\extensions\redhat.java-1.55.0-win32-x64\jre\21.0.11-win32-x86_64\bin\zip.dll
0x00007ff8f94b0000 - 0x00007ff8f94c0000 	C:\Users\DIANA\.vscode\extensions\redhat.java-1.55.0-win32-x64\jre\21.0.11-win32-x86_64\bin\net.dll
0x00007ff8f9c80000 - 0x00007ff8f9da9000 	C:\WINDOWS\SYSTEM32\WINHTTP.dll
0x00007ff901510000 - 0x00007ff90157c000 	C:\WINDOWS\system32\mswsock.dll
0x00007ff8cbb30000 - 0x00007ff8cbb46000 	C:\Users\DIANA\.vscode\extensions\redhat.java-1.55.0-win32-x64\jre\21.0.11-win32-x86_64\bin\nio.dll
0x00007ff8ebf00000 - 0x00007ff8ebf10000 	c:\Users\DIANA\.vscode\extensions\redhat.java-1.55.0-win32-x64\jre\21.0.11-win32-x86_64\bin\verify.dll

JVMTI agents:
c:\Users\DIANA\.vscode\extensions\redhat.java-1.55.0-win32-x64\lombok\lombok-1.18.39-4050.jar path:c:\Users\DIANA\.vscode\extensions\redhat.java-1.55.0-win32-x64\jre\21.0.11-win32-x86_64\bin\instrument.dll, loaded, initialized, instrumentlib options:none

dbghelp: loaded successfully - version: 4.0.5 - missing functions: none
symbol engine: initialized successfully - sym options: 0x614 - pdb path: .;c:\Users\DIANA\.vscode\extensions\redhat.java-1.55.0-win32-x64\jre\21.0.11-win32-x86_64\bin;C:\WINDOWS\SYSTEM32;C:\WINDOWS\WinSxS\amd64_microsoft.windows.common-controls_6595b64144ccf1df_6.0.26100.8521_none_3e08b75ce33403b3;c:\Users\DIANA\.vscode\extensions\redhat.java-1.55.0-win32-x64\jre\21.0.11-win32-x86_64\bin\server

VM Arguments:
jvm_args: --add-modules=ALL-SYSTEM --add-opens=java.base/java.util=ALL-UNNAMED --add-opens=java.base/java.lang=ALL-UNNAMED --add-opens=java.base/sun.nio.fs=ALL-UNNAMED -Declipse.application=org.eclipse.jdt.ls.core.id1 -Dosgi.bundles.defaultStartLevel=4 -Declipse.product=org.eclipse.jdt.ls.core.product -Djava.import.generatesMetadataFilesAtProjectRoot=false -DDetectVMInstallationsJob.disabled=true -Dfile.encoding=utf8 -XX:+UseParallelGC -XX:GCTimeRatio=4 -XX:AdaptiveSizePolicyWeight=90 -Dsun.zip.disableMemoryMapping=true -Xmx2G -Xms100m -Xlog:disable -javaagent:c:\Users\DIANA\.vscode\extensions\redhat.java-1.55.0-win32-x64\lombok\lombok-1.18.39-4050.jar -XX:+HeapDumpOnOutOfMemoryError -XX:HeapDumpPath=c:\Users\DIANA\AppData\Roaming\Code\User\workspaceStorage\b08fb6969b861e2cac226a1d842a8148\redhat.java -Daether.dependencyCollector.impl=bf 
java_command: c:\Users\DIANA\.vscode\extensions\redhat.java-1.55.0-win32-x64\server\plugins\org.eclipse.equinox.launcher_1.7.200.v20260619-2039.jar -configuration c:\Users\DIANA\AppData\Roaming\Code\User\globalStorage\redhat.java\1.55.0\config_win -data c:\Users\DIANA\AppData\Roaming\Code\User\workspaceStorage\b08fb6969b861e2cac226a1d842a8148\redhat.java\jdt_ws --pipe=\\.\pipe\lsp-3a6c07a1ab8d774ccd0b2f3d96f2a234-sock
java_class_path (initial): c:\Users\DIANA\.vscode\extensions\redhat.java-1.55.0-win32-x64\server\plugins\org.eclipse.equinox.launcher_1.7.200.v20260619-2039.jar
Launcher Type: SUN_STANDARD

[Global flags]
    uintx AdaptiveSizePolicyWeight                 = 90                                        {product} {command line}
     intx CICompilerCount                          = 4                                         {product} {ergonomic}
    uintx GCTimeRatio                              = 4                                         {product} {command line}
     bool HeapDumpOnOutOfMemoryError               = true                                   {manageable} {command line}
    ccstr HeapDumpPath                             = c:\Users\DIANA\AppData\Roaming\Code\User\workspaceStorage\b08fb6969b861e2cac226a1d842a8148\redhat.java         {manageable} {command line}
   size_t InitialHeapSize                          = 104857600                                 {product} {command line}
   size_t MaxHeapSize                              = 2147483648                                {product} {command line}
   size_t MaxNewSize                               = 715653120                                 {product} {ergonomic}
   size_t MinHeapDeltaBytes                        = 524288                                    {product} {ergonomic}
   size_t MinHeapSize                              = 104857600                                 {product} {command line}
   size_t NewSize                                  = 34603008                                  {product} {ergonomic}
    uintx NonNMethodCodeHeapSize                   = 5839372                                {pd product} {ergonomic}
    uintx NonProfiledCodeHeapSize                  = 122909434                              {pd product} {ergonomic}
   size_t OldSize                                  = 70254592                                  {product} {ergonomic}
    uintx ProfiledCodeHeapSize                     = 122909434                              {pd product} {ergonomic}
    uintx ReservedCodeCacheSize                    = 251658240                              {pd product} {ergonomic}
     bool SegmentedCodeCache                       = true                                      {product} {ergonomic}
   size_t SoftMaxHeapSize                          = 2147483648                             {manageable} {ergonomic}
     bool UseCompressedOops                        = true                           {product lp64_product} {ergonomic}
     bool UseLargePagesIndividualAllocation        = false                                  {pd product} {ergonomic}
     bool UseParallelGC                            = true                                      {product} {command line}

Logging:
Log output configuration:
 #0: stdout all=off uptime,level,tags foldmultilines=false
 #1: stderr all=off uptime,level,tags foldmultilines=false

Release file:
JAVA_VERSION="21.0.11" 
MODULES="java.base java.compiler java.datatransfer java.xml java.prefs java.desktop java.instrument java.logging java.management java.security.sasl java.naming java.rmi java.management.rmi java.net.http java.scripting java.security.jgss java.transaction.xa java.sql java.sql.rowset java.xml.crypto java.se java.smartcardio jdk.accessibility jdk.internal.jvmstat jdk.attach jdk.charsets jdk.internal.opt jdk.zipfs jdk.compiler jdk.crypto.ec jdk.crypto.cryptoki jdk.crypto.mscapi jdk.dynalink jdk.internal.ed jdk.editpad jdk.hotspot.agent jdk.httpserver jdk.internal.le jdk.internal.vm.ci jdk.internal.vm.compiler jdk.internal.vm.compiler.management jdk.jartool jdk.javadoc jdk.jcmd jdk.management jdk.management.agent jdk.jconsole jdk.jdeps jdk.jdwp.agent jdk.jdi jdk.jfr jdk.jshell jdk.jsobject jdk.jstatd jdk.localedata jdk.management.jfr jdk.naming.dns jdk.naming.rmi jdk.net jdk.nio.mapmode jdk.random jdk.sctp jdk.security.auth jdk.security.jgss jdk.unsupported jdk.unsupported.desktop jdk.xml.dom" 

Environment Variables:
JAVA_HOME=C:\Program Files\Java\jdk-20
PATH=C:\Program Files\Common Files\Oracle\Java\javapath;C:\Program Files (x86)\Common Files\Oracle\Java\javapath;C:\Windows\system32;C:\Windows;C:\Windows\System32\Wbem;C:\Windows\System32\WindowsPowerShell\v1.0\;C:\Windows\System32\OpenSSH\;C:\Program Files (x86)\NVIDIA Corporation\PhysX\Common;C:\Program Files\NVIDIA Corporation\NVIDIA NvDLISR;C:\WINDOWS\system32;C:\WINDOWS;C:\WINDOWS\System32\Wbem;C:\WINDOWS\System32\WindowsPowerShell\v1.0\;C:\WINDOWS\System32\OpenSSH\;C:\Program Files\dotnet\;C:\Program Files (x86)\Microsoft SQL Server\160\Tools\Binn\;C:\Program Files\Microsoft SQL Server\160\Tools\Binn\;C:\Program Files\Microsoft SQL Server\Client SDK\ODBC\170\Tools\Binn\;C:\Program Files\Microsoft SQL Server\160\DTS\Binn\;C:\Program Files (x86)\Microsoft SQL Server\160\DTS\Binn\;C:\Program Files\Microsoft SQL Server\150\Tools\Binn\;C:\Program Files\Microsoft SQL Server\130\DTS\Binn\;C:\Program Files\Microsoft SQL Server\140\DTS\Binn\;C:\Program Files\Microsoft SQL Server\150\DTS\Binn\;C:\Program Files\Microsoft SQL Server\170\DTS\Binn\;C:\Program Files\Cloudflare\Cloudflare WARP\;C:\dart-sdk\bin;C:\dev\flutter\bin;C:\Program Files\Java\jdk-20\bin;C:\apache-maven-3.9.16\bin;C:\Program Files\Git\cmd;C:\Users\DIANA\.local\bin;C:\Users\DIANA\AppData\Local\Microsoft\WindowsApps;C:\Users\DIANA\AppData\Local\Muse Hub\lib;C:\Users\DIANA\AppData\Local\Programs\Microsoft VS Code\bin
USERNAME=DIANA
OS=Windows_NT
PROCESSOR_IDENTIFIER=Intel64 Family 6 Model 165 Stepping 2, GenuineIntel
TMP=C:\Users\DIANA\AppData\Local\Temp
TEMP=C:\Users\DIANA\AppData\Local\Temp




Periodic native trim disabled

---------------  S Y S T E M  ---------------

OS:
 Windows 11 , 64 bit Build 26100 (10.0.26100.8521)
OS uptime: 18 days 1:56 hours
Hyper-V role detected

CPU: total 8 (initial active 8) (4 cores per cpu, 2 threads per core) family 6 model 165 stepping 2 microcode 0xe0, cx8, cmov, fxsr, ht, mmx, 3dnowpref, sse, sse2, sse3, ssse3, sse4.1, sse4.2, popcnt, lzcnt, tsc, tscinvbit, avx, avx2, aes, erms, clmul, bmi1, bmi2, adx, fma, vzeroupper, clflush, clflushopt, hv, rdtscp, f16c
Processor Information for the first 8 processors :
  Max Mhz: 2496, Current Mhz: 2496, Mhz Limit: 2496

Memory: 4k page, system-wide physical 8029M (2815M free)
TotalPageFile size 16184M (AvailPageFile size 5M)
current process WorkingSet (physical memory assigned to process): 52M, peak: 90M
current process commit charge ("private bytes"): 241M, peak: 242M

vm_info: OpenJDK 64-Bit Server VM (21.0.11+10-LTS) for windows-amd64 JRE (21.0.11+10-LTS), built on 2026-04-21T00:00:00Z by "admin" with MS VC++ 17.12 (VS2022)

END.
